{"meta": {"format": 3, "version": "7.13.1", "timestamp": "2026-02-06T11:34:49.652741", "branch_coverage": false, "show_contexts": false}, "files": {"emby_dedupe/__init__.py": {"executed_lines": [5], "summary": {"covered_lines": 1, "num_statements": 1, "percent_covered": 100.0, "percent_covered_display": "100", "missing_lines": 0, "excluded_lines": 0, "percent_statements_covered": 100.0, "percent_statements_covered_display": "100"}, "missing_lines": [], "excluded_lines": [], "functions": {"": {"executed_lines": [5], "summary": {"covered_lines": 1, "num_statements": 1, "percent_covered": 100.0, "percent_covered_display": "100", "missing_lines": 0, "excluded_lines": 0, "percent_statements_covered": 100.0, "percent_statements_covered_display": "100"}, "missing_lines": [], "excluded_lines": [], "start_line": 1}}, "classes": {"": {"executed_lines": [5], "summary": {"covered_lines": 1, "num_statements": 1, "percent_covered": 100.0, "percent_covered_display": "100", "missing_lines": 0, "excluded_lines": 0, "percent_statements_covered": 100.0, "percent_statements_covered_display": "100"}, "missing_lines": [], "excluded_lines": [], "start_line": 1}}}, "emby_dedupe/__main__.py": {"executed_lines": [8, 9, 10, 13, 14, 15, 16, 22, 25, 29, 31, 66], "summary": {"covered_lines": 12, "num_statements": 37, "percent_covered": 32.432432432432435, "percent_covered_display": "32", "missing_lines": 25, "excluded_lines": 4, "percent_statements_covered": 32.432432432432435, "percent_statements_covered_display": "32"}, "missing_lines": [17, 18, 33, 34, 37, 40, 41, 42, 43, 44, 45, 46, 48, 49, 50, 51, 52, 55, 56, 57, 60, 63, 68, 69, 70], "excluded_lines": [20, 47, 73, 74], "functions": {"main": {"executed_lines": [29, 31, 66], "summary": {"covered_lines": 3, "num_statements": 26, "percent_covered": 11.538461538461538, "percent_covered_display": "12", "missing_lines": 23, "excluded_lines": 1, "percent_statements_covered": 11.538461538461538, "percent_statements_covered_display": "12"}, "missing_lines": [33, 34, 37, 40, 41, 42, 43, 44, 45, 46, 48, 49, 50, 51, 52, 55, 56, 57, 60, 63, 68, 69, 70], "excluded_lines": [47], "start_line": 25}, "": {"executed_lines": [8, 9, 10, 13, 14, 15, 16, 22, 25], "summary": {"covered_lines": 9, "num_statements": 11, "percent_covered": 81.81818181818181, "percent_covered_display": "82", "missing_lines": 2, "excluded_lines": 3, "percent_statements_covered": 81.81818181818181, "percent_statements_covered_display": "82"}, "missing_lines": [17, 18], "excluded_lines": [20, 73, 74], "start_line": 1}}, "classes": {"": {"executed_lines": [8, 9, 10, 13, 14, 15, 16, 22, 25, 29, 31, 66], "summary": {"covered_lines": 12, "num_statements": 37, "percent_covered": 32.432432432432435, "percent_covered_display": "32", "missing_lines": 25, "excluded_lines": 4, "percent_statements_covered": 32.432432432432435, "percent_statements_covered_display": "32"}, "missing_lines": [17, 18, 33, 34, 37, 40, 41, 42, 43, 44, 45, 46, 48, 49, 50, 51, 52, 55, 56, 57, 60, 63, 68, 69, 70], "excluded_lines": [20, 47, 73, 74], "start_line": 1}}}, "emby_dedupe/api/__init__.py": {"executed_lines": [], "summary": {"covered_lines": 0, "num_statements": 0, "percent_covered": 100.0, "percent_covered_display": "100", "missing_lines": 0, "excluded_lines": 0, "percent_statements_covered": 100.0, "percent_statements_covered_display": "100"}, "missing_lines": [], "excluded_lines": [], "functions": {"": {"executed_lines": [], "summary": {"covered_lines": 0, "num_statements": 0, "percent_covered": 100.0, "percent_covered_display": "100", "missing_lines": 0, "excluded_lines": 0, "percent_statements_covered": 100.0, "percent_statements_covered_display": "100"}, "missing_lines": [], "excluded_lines": [], "start_line": 1}}, "classes": {"": {"executed_lines": [], "summary": {"covered_lines": 0, "num_statements": 0, "percent_covered": 100.0, "percent_covered_display": "100", "missing_lines": 0, "excluded_lines": 0, "percent_statements_covered": 100.0, "percent_statements_covered_display": "100"}, "missing_lines": [], "excluded_lines": [], "start_line": 1}}}, "emby_dedupe/api/checker.py": {"executed_lines": [], "summary": {"covered_lines": 0, "num_statements": 228, "percent_covered": 0.0, "percent_covered_display": "0", "missing_lines": 228, "excluded_lines": 0, "percent_statements_covered": 0.0, "percent_statements_covered_display": "0"}, "missing_lines": [27, 28, 29, 30, 31, 33, 35, 40, 46, 47, 48, 51, 54, 77, 78, 79, 80, 81, 82, 83, 84, 86, 87, 88, 89, 90, 91, 92, 94, 95, 96, 98, 99, 108, 109, 111, 113, 116, 123, 124, 125, 127, 129, 130, 131, 133, 135, 136, 137, 139, 141, 142, 144, 145, 146, 148, 149, 150, 153, 154, 155, 156, 157, 159, 160, 162, 163, 164, 166, 168, 169, 171, 172, 173, 174, 178, 179, 180, 182, 188, 190, 191, 194, 195, 198, 199, 200, 203, 204, 205, 207, 208, 209, 210, 213, 216, 217, 218, 219, 220, 222, 223, 224, 227, 228, 229, 230, 232, 234, 236, 237, 240, 242, 244, 246, 248, 250, 260, 261, 264, 266, 267, 270, 271, 274, 275, 276, 278, 280, 281, 283, 284, 285, 287, 288, 289, 292, 293, 294, 295, 296, 298, 299, 301, 302, 303, 305, 307, 308, 310, 311, 312, 313, 317, 318, 319, 321, 324, 325, 327, 333, 334, 335, 336, 337, 338, 340, 351, 354, 355, 356, 357, 358, 361, 363, 365, 409, 410, 411, 414, 415, 416, 417, 424, 438, 439, 440, 441, 442, 443, 444, 445, 446, 447, 448, 449, 450, 451, 452, 453, 456, 457, 458, 460, 469, 471, 473, 474, 489, 491, 494, 496, 529, 545, 547, 559, 560, 561, 562, 563, 565, 567, 568, 569, 571, 573, 575, 577], "excluded_lines": [], "functions": {"EmbyChecker.__init__": {"executed_lines": [], "summary": {"covered_lines": 0, "num_statements": 18, "percent_covered": 0.0, "percent_covered_display": "0", "missing_lines": 18, "excluded_lines": 0, "percent_statements_covered": 0.0, "percent_statements_covered_display": "0"}, "missing_lines": [77, 78, 79, 80, 81, 82, 83, 84, 86, 87, 88, 89, 90, 91, 92, 94, 95, 96], "excluded_lines": [], "start_line": 54}, "EmbyChecker.from_config": {"executed_lines": [], "summary": {"covered_lines": 0, "num_statements": 2, "percent_covered": 0.0, "percent_covered_display": "0", "missing_lines": 2, "excluded_lines": 0, "percent_statements_covered": 0.0, "percent_statements_covered_display": "0"}, "missing_lines": [108, 109], "excluded_lines": [], "start_line": 99}, "EmbyChecker._get_client": {"executed_lines": [], "summary": {"covered_lines": 0, "num_statements": 5, "percent_covered": 0.0, "percent_covered_display": "0", "missing_lines": 5, "excluded_lines": 0, "percent_statements_covered": 0.0, "percent_statements_covered_display": "0"}, "missing_lines": [113, 116, 123, 124, 125], "excluded_lines": [], "start_line": 111}, "EmbyChecker._get_cache_path": {"executed_lines": [], "summary": {"covered_lines": 0, "num_statements": 3, "percent_covered": 0.0, "percent_covered_display": "0", "missing_lines": 3, "excluded_lines": 0, "percent_statements_covered": 0.0, "percent_statements_covered_display": "0"}, "missing_lines": [129, 130, 131], "excluded_lines": [], "start_line": 127}, "EmbyChecker._get_provider_tables_cache_path": {"executed_lines": [], "summary": {"covered_lines": 0, "num_statements": 3, "percent_covered": 0.0, "percent_covered_display": "0", "missing_lines": 3, "excluded_lines": 0, "percent_statements_covered": 0.0, "percent_statements_covered_display": "0"}, "missing_lines": [135, 136, 137], "excluded_lines": [], "start_line": 133}, "EmbyChecker._load_provider_tables": {"executed_lines": [], "summary": {"covered_lines": 0, "num_statements": 18, "percent_covered": 0.0, "percent_covered_display": "0", "missing_lines": 18, "excluded_lines": 0, "percent_statements_covered": 0.0, "percent_statements_covered_display": "0"}, "missing_lines": [141, 142, 144, 145, 146, 148, 149, 150, 153, 154, 155, 156, 157, 159, 160, 162, 163, 164], "excluded_lines": [], "start_line": 139}, "EmbyChecker._save_provider_tables": {"executed_lines": [], "summary": {"covered_lines": 0, "num_statements": 9, "percent_covered": 0.0, "percent_covered_display": "0", "missing_lines": 9, "excluded_lines": 0, "percent_statements_covered": 0.0, "percent_statements_covered_display": "0"}, "missing_lines": [168, 169, 171, 172, 173, 174, 178, 179, 180], "excluded_lines": [], "start_line": 166}, "EmbyChecker._build_provider_tables": {"executed_lines": [], "summary": {"covered_lines": 0, "num_statements": 29, "percent_covered": 0.0, "percent_covered_display": "0", "missing_lines": 29, "excluded_lines": 0, "percent_statements_covered": 0.0, "percent_statements_covered_display": "0"}, "missing_lines": [188, 190, 191, 194, 195, 198, 199, 200, 203, 204, 205, 207, 208, 209, 210, 213, 216, 217, 218, 219, 220, 222, 223, 224, 227, 228, 229, 230, 232], "excluded_lines": [], "start_line": 182}, "EmbyChecker._get_provider_tables": {"executed_lines": [], "summary": {"covered_lines": 0, "num_statements": 7, "percent_covered": 0.0, "percent_covered_display": "0", "missing_lines": 7, "excluded_lines": 0, "percent_statements_covered": 0.0, "percent_statements_covered_display": "0"}, "missing_lines": [236, 237, 240, 242, 244, 246, 248], "excluded_lines": [], "start_line": 234}, "EmbyChecker._lookup_by_provider_id": {"executed_lines": [], "summary": {"covered_lines": 0, "num_statements": 10, "percent_covered": 0.0, "percent_covered_display": "0", "missing_lines": 10, "excluded_lines": 0, "percent_statements_covered": 0.0, "percent_statements_covered_display": "0"}, "missing_lines": [260, 261, 264, 266, 267, 270, 271, 274, 275, 276], "excluded_lines": [], "start_line": 250}, "EmbyChecker._get_from_cache": {"executed_lines": [], "summary": {"covered_lines": 0, "num_statements": 18, "percent_covered": 0.0, "percent_covered_display": "0", "missing_lines": 18, "excluded_lines": 0, "percent_statements_covered": 0.0, "percent_statements_covered_display": "0"}, "missing_lines": [280, 281, 283, 284, 285, 287, 288, 289, 292, 293, 294, 295, 296, 298, 299, 301, 302, 303], "excluded_lines": [], "start_line": 278}, "EmbyChecker._save_to_cache": {"executed_lines": [], "summary": {"covered_lines": 0, "num_statements": 9, "percent_covered": 0.0, "percent_covered_display": "0", "missing_lines": 9, "excluded_lines": 0, "percent_statements_covered": 0.0, "percent_statements_covered_display": "0"}, "missing_lines": [307, 308, 310, 311, 312, 313, 317, 318, 319], "excluded_lines": [], "start_line": 305}, "EmbyChecker._make_cache_key": {"executed_lines": [], "summary": {"covered_lines": 0, "num_statements": 2, "percent_covered": 0.0, "percent_covered_display": "0", "missing_lines": 2, "excluded_lines": 0, "percent_statements_covered": 0.0, "percent_statements_covered_display": "0"}, "missing_lines": [324, 325], "excluded_lines": [], "start_line": 321}, "EmbyChecker.validate": {"executed_lines": [], "summary": {"covered_lines": 0, "num_statements": 6, "percent_covered": 0.0, "percent_covered_display": "0", "missing_lines": 6, "excluded_lines": 0, "percent_statements_covered": 0.0, "percent_statements_covered_display": "0"}, "missing_lines": [333, 334, 335, 336, 337, 338], "excluded_lines": [], "start_line": 327}, "EmbyChecker.rebuild_index": {"executed_lines": [], "summary": {"covered_lines": 0, "num_statements": 8, "percent_covered": 0.0, "percent_covered_display": "0", "missing_lines": 8, "excluded_lines": 0, "percent_statements_covered": 0.0, "percent_statements_covered_display": "0"}, "missing_lines": [351, 354, 355, 356, 357, 358, 361, 363], "excluded_lines": [], "start_line": 340}, "EmbyChecker.check": {"executed_lines": [], "summary": {"covered_lines": 0, "num_statements": 35, "percent_covered": 0.0, "percent_covered_display": "0", "missing_lines": 35, "excluded_lines": 0, "percent_statements_covered": 0.0, "percent_statements_covered_display": "0"}, "missing_lines": [409, 410, 411, 414, 415, 416, 417, 424, 438, 439, 440, 441, 442, 443, 444, 445, 446, 447, 448, 449, 450, 451, 452, 453, 456, 457, 458, 460, 469, 471, 473, 474, 489, 491, 494], "excluded_lines": [], "start_line": 365}, "EmbyChecker.should_download": {"executed_lines": [], "summary": {"covered_lines": 0, "num_statements": 2, "percent_covered": 0.0, "percent_covered_display": "0", "missing_lines": 2, "excluded_lines": 0, "percent_statements_covered": 0.0, "percent_statements_covered_display": "0"}, "missing_lines": [529, 545], "excluded_lines": [], "start_line": 496}, "EmbyChecker.check_batch": {"executed_lines": [], "summary": {"covered_lines": 0, "num_statements": 5, "percent_covered": 0.0, "percent_covered_display": "0", "missing_lines": 5, "excluded_lines": 0, "percent_statements_covered": 0.0, "percent_statements_covered_display": "0"}, "missing_lines": [559, 560, 561, 562, 563], "excluded_lines": [], "start_line": 547}, "EmbyChecker.close": {"executed_lines": [], "summary": {"covered_lines": 0, "num_statements": 3, "percent_covered": 0.0, "percent_covered_display": "0", "missing_lines": 3, "excluded_lines": 0, "percent_statements_covered": 0.0, "percent_statements_covered_display": "0"}, "missing_lines": [567, 568, 569], "excluded_lines": [], "start_line": 565}, "EmbyChecker.__enter__": {"executed_lines": [], "summary": {"covered_lines": 0, "num_statements": 1, "percent_covered": 0.0, "percent_covered_display": "0", "missing_lines": 1, "excluded_lines": 0, "percent_statements_covered": 0.0, "percent_statements_covered_display": "0"}, "missing_lines": [573], "excluded_lines": [], "start_line": 571}, "EmbyChecker.__exit__": {"executed_lines": [], "summary": {"covered_lines": 0, "num_statements": 1, "percent_covered": 0.0, "percent_covered_display": "0", "missing_lines": 1, "excluded_lines": 0, "percent_statements_covered": 0.0, "percent_statements_covered_display": "0"}, "missing_lines": [577], "excluded_lines": [], "start_line": 575}, "": {"executed_lines": [], "summary": {"covered_lines": 0, "num_statements": 34, "percent_covered": 0.0, "percent_covered_display": "0", "missing_lines": 34, "excluded_lines": 0, "percent_statements_covered": 0.0, "percent_statements_covered_display": "0"}, "missing_lines": [27, 28, 29, 30, 31, 33, 35, 40, 46, 47, 48, 51, 54, 98, 99, 111, 127, 133, 139, 166, 182, 234, 250, 278, 305, 321, 327, 340, 365, 496, 547, 565, 571, 575], "excluded_lines": [], "start_line": 1}}, "classes": {"EmbyChecker": {"executed_lines": [], "summary": {"covered_lines": 0, "num_statements": 194, "percent_covered": 0.0, "percent_covered_display": "0", "missing_lines": 194, "excluded_lines": 0, "percent_statements_covered": 0.0, "percent_statements_covered_display": "0"}, "missing_lines": [77, 78, 79, 80, 81, 82, 83, 84, 86, 87, 88, 89, 90, 91, 92, 94, 95, 96, 108, 109, 113, 116, 123, 124, 125, 129, 130, 131, 135, 136, 137, 141, 142, 144, 145, 146, 148, 149, 150, 153, 154, 155, 156, 157, 159, 160, 162, 163, 164, 168, 169, 171, 172, 173, 174, 178, 179, 180, 188, 190, 191, 194, 195, 198, 199, 200, 203, 204, 205, 207, 208, 209, 210, 213, 216, 217, 218, 219, 220, 222, 223, 224, 227, 228, 229, 230, 232, 236, 237, 240, 242, 244, 246, 248, 260, 261, 264, 266, 267, 270, 271, 274, 275, 276, 280, 281, 283, 284, 285, 287, 288, 289, 292, 293, 294, 295, 296, 298, 299, 301, 302, 303, 307, 308, 310, 311, 312, 313, 317, 318, 319, 324, 325, 333, 334, 335, 336, 337, 338, 351, 354, 355, 356, 357, 358, 361, 363, 409, 410, 411, 414, 415, 416, 417, 424, 438, 439, 440, 441, 442, 443, 444, 445, 446, 447, 448, 449, 450, 451, 452, 453, 456, 457, 458, 460, 469, 471, 473, 474, 489, 491, 494, 529, 545, 559, 560, 561, 562, 563, 567, 568, 569, 573, 577], "excluded_lines": [], "start_line": 51}, "": {"executed_lines": [], "summary": {"covered_lines": 0, "num_statements": 34, "percent_covered": 0.0, "percent_covered_display": "0", "missing_lines": 34, "excluded_lines": 0, "percent_statements_covered": 0.0, "percent_statements_covered_display": "0"}, "missing_lines": [27, 28, 29, 30, 31, 33, 35, 40, 46, 47, 48, 51, 54, 98, 99, 111, 127, 133, 139, 166, 182, 234, 250, 278, 305, 321, 327, 340, 365, 496, 547, 565, 571, 575], "excluded_lines": [], "start_line": 1}}}, "emby_dedupe/api/client.py": {"executed_lines": [5, 6, 7, 9, 10, 11, 13, 19, 20, 21, 23, 24, 76, 85, 86, 90, 91, 92, 93, 94, 97, 100, 103, 106, 137, 151, 152, 153, 154, 155, 156, 157, 160, 161, 166, 180, 181, 182, 183, 185, 186, 187, 189, 190, 192, 193, 199, 202, 213, 214, 215, 218, 221, 222, 223, 224, 225, 229, 230, 233, 235, 274, 287, 288, 291, 292, 294, 295, 299, 300, 303, 306, 308, 309, 310, 313, 319, 320, 321, 322, 325, 339, 340, 341, 342, 410, 425, 427, 430, 431, 432, 433, 434, 440, 442, 444, 445, 446, 447, 448, 449, 450, 451, 452, 459, 462, 465, 474, 475, 477, 479, 480, 481, 485, 487, 492, 495, 496, 498, 499, 500, 501, 507, 516, 517, 519], "summary": {"covered_lines": 126, "num_statements": 158, "percent_covered": 79.74683544303798, "percent_covered_display": "80", "missing_lines": 32, "excluded_lines": 170, "percent_statements_covered": 79.74683544303798, "percent_statements_covered_display": "80"}, "missing_lines": [96, 99, 102, 196, 197, 227, 296, 297, 314, 315, 316, 326, 328, 329, 330, 331, 333, 334, 335, 336, 337, 435, 436, 437, 453, 454, 457, 508, 509, 511, 512, 514], "excluded_lines": [27, 28, 29, 30, 31, 32, 33, 34, 35, 36, 37, 38, 39, 40, 41, 42, 43, 44, 45, 46, 47, 48, 49, 50, 51, 52, 53, 54, 55, 56, 57, 58, 59, 60, 61, 62, 63, 64, 65, 66, 67, 68, 69, 70, 71, 72, 73, 109, 110, 111, 112, 113, 114, 115, 116, 117, 118, 119, 120, 121, 122, 123, 124, 125, 126, 127, 128, 129, 130, 131, 132, 133, 134, 238, 239, 240, 241, 242, 243, 244, 245, 246, 247, 248, 249, 250, 251, 252, 253, 254, 255, 256, 257, 258, 259, 260, 261, 262, 263, 264, 265, 266, 267, 268, 269, 270, 271, 345, 346, 347, 348, 349, 350, 351, 352, 353, 354, 355, 356, 357, 358, 359, 360, 361, 362, 363, 364, 365, 366, 367, 368, 369, 370, 371, 372, 373, 374, 375, 376, 377, 378, 379, 380, 381, 382, 383, 384, 385, 386, 387, 388, 389, 390, 391, 392, 393, 394, 395, 396, 397, 398, 399, 400, 401, 402, 403, 404, 405, 406, 407], "functions": {"get_auth_token": {"executed_lines": [], "summary": {"covered_lines": 0, "num_statements": 0, "percent_covered": 100.0, "percent_covered_display": "100", "missing_lines": 0, "excluded_lines": 44, "percent_statements_covered": 100.0, "percent_statements_covered_display": "100"}, "missing_lines": [], "excluded_lines": [30, 31, 32, 33, 34, 35, 36, 37, 38, 39, 40, 41, 42, 43, 44, 45, 46, 47, 48, 49, 50, 51, 52, 53, 54, 55, 56, 57, 58, 59, 60, 61, 62, 63, 64, 65, 66, 67, 68, 69, 70, 71, 72, 73], "start_line": 27}, "logout": {"executed_lines": [85, 86, 90, 91, 92, 93, 94, 97, 100, 103, 106], "summary": {"covered_lines": 11, "num_statements": 14, "percent_covered": 78.57142857142857, "percent_covered_display": "79", "missing_lines": 3, "excluded_lines": 0, "percent_statements_covered": 78.57142857142857, "percent_statements_covered_display": "79"}, "missing_lines": [96, 99, 102], "excluded_lines": [], "start_line": 76}, "create_http_client": {"executed_lines": [], "summary": {"covered_lines": 0, "num_statements": 0, "percent_covered": 100.0, "percent_covered_display": "100", "missing_lines": 0, "excluded_lines": 25, "percent_statements_covered": 100.0, "percent_statements_covered_display": "100"}, "missing_lines": [], "excluded_lines": [110, 111, 112, 113, 114, 115, 116, 117, 118, 119, 120, 121, 122, 123, 124, 125, 126, 127, 128, 129, 130, 131, 132, 133, 134], "start_line": 109}, "check_emby_connection": {"executed_lines": [151, 152, 153, 154, 155, 156, 157, 160, 161], "summary": {"covered_lines": 9, "num_statements": 9, "percent_covered": 100.0, "percent_covered_display": "100", "missing_lines": 0, "excluded_lines": 0, "percent_statements_covered": 100.0, "percent_statements_covered_display": "100"}, "missing_lines": [], "excluded_lines": [], "start_line": 137}, "get_library_id": {"executed_lines": [180, 181, 182, 183, 185, 186, 187, 189, 190, 192, 193, 199], "summary": {"covered_lines": 12, "num_statements": 14, "percent_covered": 85.71428571428571, "percent_covered_display": "86", "missing_lines": 2, "excluded_lines": 0, "percent_statements_covered": 85.71428571428571, "percent_statements_covered_display": "86"}, "missing_lines": [196, 197], "excluded_lines": [], "start_line": 166}, "handle_host_and_port": {"executed_lines": [213, 214, 215, 218, 221, 222, 223, 224, 225, 229, 230, 233, 235], "summary": {"covered_lines": 13, "num_statements": 14, "percent_covered": 92.85714285714286, "percent_covered_display": "93", "missing_lines": 1, "excluded_lines": 0, "percent_statements_covered": 92.85714285714286, "percent_statements_covered_display": "93"}, "missing_lines": [227], "excluded_lines": [], "start_line": 202}, "ensure_authenticated_for_delete": {"executed_lines": [], "summary": {"covered_lines": 0, "num_statements": 0, "percent_covered": 100.0, "percent_covered_display": "100", "missing_lines": 0, "excluded_lines": 31, "percent_statements_covered": 100.0, "percent_statements_covered_display": "100"}, "missing_lines": [], "excluded_lines": [241, 242, 243, 244, 245, 246, 247, 248, 249, 250, 251, 252, 253, 254, 255, 256, 257, 258, 259, 260, 261, 262, 263, 264, 265, 266, 267, 268, 269, 270, 271], "start_line": 238}, "fetch_items_details": {"executed_lines": [287, 288, 291, 292, 294, 295, 299, 300, 303, 306, 308, 309, 310, 313, 319, 320, 321, 322, 325, 339, 340, 341, 342], "summary": {"covered_lines": 23, "num_statements": 38, "percent_covered": 60.526315789473685, "percent_covered_display": "61", "missing_lines": 15, "excluded_lines": 0, "percent_statements_covered": 60.526315789473685, "percent_statements_covered_display": "61"}, "missing_lines": [296, 297, 314, 315, 316, 326, 328, 329, 330, 331, 333, 334, 335, 336, 337], "excluded_lines": [], "start_line": 274}, "delete_item": {"executed_lines": [], "summary": {"covered_lines": 0, "num_statements": 0, "percent_covered": 100.0, "percent_covered_display": "100", "missing_lines": 0, "excluded_lines": 54, "percent_statements_covered": 100.0, "percent_statements_covered_display": "100"}, "missing_lines": [], "excluded_lines": [354, 355, 356, 357, 358, 359, 360, 361, 362, 363, 364, 365, 366, 367, 368, 369, 370, 371, 372, 373, 374, 375, 376, 377, 378, 379, 380, 381, 382, 383, 384, 385, 386, 387, 388, 389, 390, 391, 392, 393, 394, 395, 396, 397, 398, 399, 400, 401, 402, 403, 404, 405, 406, 407], "start_line": 345}, "fetch_and_process_media_items": {"executed_lines": [425, 427, 430, 431, 432, 433, 434, 440, 442, 444, 445, 446, 447, 448, 449, 450, 451, 452, 459, 462], "summary": {"covered_lines": 20, "num_statements": 26, "percent_covered": 76.92307692307692, "percent_covered_display": "77", "missing_lines": 6, "excluded_lines": 0, "percent_statements_covered": 76.92307692307692, "percent_statements_covered_display": "77"}, "missing_lines": [435, 436, 437, 453, 454, 457], "excluded_lines": [], "start_line": 410}, "build_provider_id_tables": {"executed_lines": [474, 475, 477, 479, 480, 481, 485, 487, 492, 495, 496, 498, 499, 500, 501, 507, 516, 517, 519], "summary": {"covered_lines": 19, "num_statements": 24, "percent_covered": 79.16666666666667, "percent_covered_display": "79", "missing_lines": 5, "excluded_lines": 0, "percent_statements_covered": 79.16666666666667, "percent_statements_covered_display": "79"}, "missing_lines": [508, 509, 511, 512, 514], "excluded_lines": [], "start_line": 465}, "": {"executed_lines": [5, 6, 7, 9, 10, 11, 13, 19, 20, 21, 23, 24, 76, 137, 166, 202, 274, 410, 465], "summary": {"covered_lines": 19, "num_statements": 19, "percent_covered": 100.0, "percent_covered_display": "100", "missing_lines": 0, "excluded_lines": 16, "percent_statements_covered": 100.0, "percent_statements_covered_display": "100"}, "missing_lines": [], "excluded_lines": [27, 28, 29, 109, 238, 239, 240, 345, 346, 347, 348, 349, 350, 351, 352, 353], "start_line": 1}}, "classes": {"": {"executed_lines": [5, 6, 7, 9, 10, 11, 13, 19, 20, 21, 23, 24, 76, 85, 86, 90, 91, 92, 93, 94, 97, 100, 103, 106, 137, 151, 152, 153, 154, 155, 156, 157, 160, 161, 166, 180, 181, 182, 183, 185, 186, 187, 189, 190, 192, 193, 199, 202, 213, 214, 215, 218, 221, 222, 223, 224, 225, 229, 230, 233, 235, 274, 287, 288, 291, 292, 294, 295, 299, 300, 303, 306, 308, 309, 310, 313, 319, 320, 321, 322, 325, 339, 340, 341, 342, 410, 425, 427, 430, 431, 432, 433, 434, 440, 442, 444, 445, 446, 447, 448, 449, 450, 451, 452, 459, 462, 465, 474, 475, 477, 479, 480, 481, 485, 487, 492, 495, 496, 498, 499, 500, 501, 507, 516, 517, 519], "summary": {"covered_lines": 126, "num_statements": 158, "percent_covered": 79.74683544303798, "percent_covered_display": "80", "missing_lines": 32, "excluded_lines": 170, "percent_statements_covered": 79.74683544303798, "percent_statements_covered_display": "80"}, "missing_lines": [96, 99, 102, 196, 197, 227, 296, 297, 314, 315, 316, 326, 328, 329, 330, 331, 333, 334, 335, 336, 337, 435, 436, 437, 453, 454, 457, 508, 509, 511, 512, 514], "excluded_lines": [27, 28, 29, 30, 31, 32, 33, 34, 35, 36, 37, 38, 39, 40, 41, 42, 43, 44, 45, 46, 47, 48, 49, 50, 51, 52, 53, 54, 55, 56, 57, 58, 59, 60, 61, 62, 63, 64, 65, 66, 67, 68, 69, 70, 71, 72, 73, 109, 110, 111, 112, 113, 114, 115, 116, 117, 118, 119, 120, 121, 122, 123, 124, 125, 126, 127, 128, 129, 130, 131, 132, 133, 134, 238, 239, 240, 241, 242, 243, 244, 245, 246, 247, 248, 249, 250, 251, 252, 253, 254, 255, 256, 257, 258, 259, 260, 261, 262, 263, 264, 265, 266, 267, 268, 269, 270, 271, 345, 346, 347, 348, 349, 350, 351, 352, 353, 354, 355, 356, 357, 358, 359, 360, 361, 362, 363, 364, 365, 366, 367, 368, 369, 370, 371, 372, 373, 374, 375, 376, 377, 378, 379, 380, 381, 382, 383, 384, 385, 386, 387, 388, 389, 390, 391, 392, 393, 394, 395, 396, 397, 398, 399, 400, 401, 402, 403, 404, 405, 406, 407], "start_line": 1}}}, "emby_dedupe/api/deduplication.py": {"executed_lines": [5, 6, 7, 9, 10, 12, 13, 14, 15, 18, 30, 32, 33, 34, 36, 37, 38, 40, 47, 48, 50, 53, 56, 67, 69, 72, 73, 74, 75, 77, 80, 87, 89, 91, 92, 96, 97, 99, 102, 103, 106, 107, 108, 109, 112, 114, 116, 117, 119, 121, 123, 127, 128, 129, 130, 132, 136, 137, 138, 139, 140, 146, 149, 150, 151, 154, 155, 156, 157, 161, 164, 165, 166, 168, 171, 173, 174, 179, 180, 188, 189, 191, 194, 197, 200, 201, 202, 204, 213, 214, 215, 216, 217, 218, 220, 221, 222, 224, 225, 229, 231, 232, 239, 241, 242, 244, 247, 251, 254, 265, 267, 269, 270, 272, 274, 277, 278, 285, 287, 288, 289, 291, 294, 297, 300, 301, 303, 306, 311, 313, 315, 316, 320, 321, 325, 326, 329, 330, 333, 336, 343, 344, 350, 352, 354, 358, 361, 431, 434, 435, 436, 440, 441, 443, 444, 448, 449, 452, 455, 460, 478, 481, 482, 484, 485, 486, 488, 490, 495, 497, 499, 500, 502, 503, 505, 506, 509, 510, 511, 513, 514, 515, 517, 518, 519, 522, 529, 532, 534, 537, 540, 545, 548, 551, 552, 554, 555, 556, 557, 561, 562, 563, 564, 568, 569, 572, 573, 575, 577, 578, 583, 584, 585, 590, 591, 592, 595, 598, 603, 604, 607, 608, 611, 622, 624, 625, 628, 631, 632, 633, 634, 636, 637, 638, 639, 640, 643, 644, 645, 652, 653, 655, 656, 659, 663, 664, 666, 667, 669, 671, 680, 682, 684, 685, 689, 697, 699, 702, 705, 711, 714, 716, 717, 719, 720, 723, 726, 727, 728, 729, 738, 739, 742, 743, 746, 747, 749, 754, 775, 776, 783, 784, 786, 787, 788, 790, 793, 798, 799, 800, 802, 803, 807, 831, 942, 944, 947, 949, 950, 951, 953, 960, 963, 966, 967, 974, 975, 979, 980, 981, 983, 990, 993, 1012, 1013, 1020, 1027, 1029, 1032, 1038], "summary": {"covered_lines": 320, "num_statements": 536, "percent_covered": 59.701492537313435, "percent_covered_display": "60", "missing_lines": 216, "excluded_lines": 125, "percent_statements_covered": 59.701492537313435, "percent_statements_covered_display": "60"}, "missing_lines": [41, 42, 43, 44, 51, 93, 124, 143, 158, 159, 162, 169, 175, 176, 177, 182, 183, 184, 185, 192, 198, 205, 206, 207, 209, 210, 211, 226, 235, 237, 238, 271, 275, 279, 281, 282, 292, 298, 307, 308, 309, 317, 322, 334, 337, 338, 339, 340, 345, 346, 347, 355, 359, 365, 366, 367, 368, 369, 370, 372, 374, 375, 376, 379, 381, 382, 383, 385, 386, 388, 392, 394, 396, 397, 399, 400, 402, 403, 406, 407, 408, 410, 411, 413, 415, 417, 418, 419, 422, 423, 424, 425, 428, 429, 437, 438, 445, 450, 453, 523, 526, 541, 542, 558, 579, 587, 599, 600, 691, 692, 708, 731, 733, 734, 735, 794, 795, 808, 809, 810, 811, 814, 815, 816, 817, 818, 819, 820, 821, 822, 823, 824, 825, 826, 827, 828, 833, 836, 837, 838, 840, 844, 845, 846, 847, 849, 850, 852, 853, 854, 857, 858, 859, 862, 863, 864, 866, 867, 868, 869, 870, 871, 873, 876, 877, 880, 881, 882, 883, 884, 885, 886, 887, 888, 889, 890, 891, 892, 893, 894, 896, 898, 906, 907, 908, 915, 916, 917, 918, 920, 923, 937, 938, 939, 968, 969, 970, 971, 976, 994, 996, 999, 1002, 1003, 1005, 1006, 1008, 1009, 1014, 1015, 1016, 1017, 1022, 1023, 1024, 1025], "excluded_lines": [1041, 1042, 1043, 1044, 1045, 1046, 1047, 1048, 1049, 1050, 1051, 1052, 1053, 1054, 1055, 1056, 1057, 1058, 1059, 1060, 1061, 1062, 1063, 1064, 1065, 1066, 1067, 1068, 1069, 1070, 1071, 1072, 1073, 1074, 1075, 1076, 1077, 1078, 1079, 1080, 1081, 1082, 1083, 1084, 1085, 1086, 1087, 1088, 1089, 1090, 1091, 1092, 1093, 1094, 1095, 1096, 1097, 1098, 1099, 1100, 1101, 1102, 1103, 1104, 1105, 1106, 1107, 1108, 1109, 1110, 1111, 1112, 1113, 1114, 1115, 1116, 1117, 1118, 1119, 1120, 1121, 1122, 1123, 1124, 1125, 1126, 1127, 1128, 1129, 1130, 1131, 1132, 1133, 1134, 1135, 1136, 1137, 1138, 1139, 1140, 1141, 1142, 1143, 1144, 1145, 1146, 1147, 1148, 1149, 1150, 1151, 1152, 1153, 1154, 1155, 1156, 1157, 1158, 1159, 1160, 1161, 1162, 1163, 1164, 1165], "functions": {"identify_duplicates": {"executed_lines": [30, 32, 33, 34, 36, 37, 38, 40, 47, 48, 50, 53], "summary": {"covered_lines": 12, "num_statements": 17, "percent_covered": 70.58823529411765, "percent_covered_display": "71", "missing_lines": 5, "excluded_lines": 0, "percent_statements_covered": 70.58823529411765, "percent_statements_covered_display": "71"}, "missing_lines": [41, 42, 43, 44, 51], "excluded_lines": [], "start_line": 18}, "build_disjoint_set": {"executed_lines": [67, 69, 72, 73, 74, 75, 77, 80, 87, 89, 91, 92, 96, 97, 99, 102, 103, 106, 107, 108, 109, 112, 114, 116, 117, 119, 121, 123, 127, 128, 129, 130, 132, 136, 137, 138, 139, 140, 146, 149, 150, 151, 154, 155, 156, 157, 161, 164, 165, 166, 168, 171, 173, 174, 179, 180, 188, 189, 191, 194, 197, 200, 201, 202, 204, 213, 214, 215, 216, 217, 218, 220, 221, 222, 224, 225, 229, 231, 232, 239, 241, 242, 244, 247, 251], "summary": {"covered_lines": 85, "num_statements": 111, "percent_covered": 76.57657657657657, "percent_covered_display": "77", "missing_lines": 26, "excluded_lines": 0, "percent_statements_covered": 76.57657657657657, "percent_statements_covered_display": "77"}, "missing_lines": [93, 124, 143, 158, 159, 162, 169, 175, 176, 177, 182, 183, 184, 185, 192, 198, 205, 206, 207, 209, 210, 211, 226, 235, 237, 238], "excluded_lines": [], "start_line": 56}, "rationalize_duplicates": {"executed_lines": [265, 267, 269, 270, 272, 274, 277, 278, 285, 287, 288, 289, 291, 294, 297, 300, 301, 303, 306, 311, 313, 315, 316, 320, 321, 325, 326, 329, 330, 333, 336, 343, 344, 350, 352, 354, 358, 361, 431, 434, 435, 436, 440, 441, 443, 444, 448, 449, 452, 455], "summary": {"covered_lines": 50, "num_statements": 118, "percent_covered": 42.3728813559322, "percent_covered_display": "42", "missing_lines": 68, "excluded_lines": 0, "percent_statements_covered": 42.3728813559322, "percent_statements_covered_display": "42"}, "missing_lines": [271, 275, 279, 281, 282, 292, 298, 307, 308, 309, 317, 322, 334, 337, 338, 339, 340, 345, 346, 347, 355, 359, 365, 366, 367, 368, 369, 370, 372, 374, 375, 376, 379, 381, 382, 383, 385, 386, 388, 392, 394, 396, 397, 399, 400, 402, 403, 406, 407, 408, 410, 411, 413, 415, 417, 418, 419, 422, 423, 424, 425, 428, 429, 437, 438, 445, 450, 453], "excluded_lines": [], "start_line": 254}, "determine_items_to_delete": {"executed_lines": [478, 481, 482, 484, 485, 486, 488, 490, 495, 497, 499, 500, 502, 503, 505, 506, 509, 510, 511, 513, 514, 515, 517, 518, 519, 522, 529, 532, 534, 537, 540, 545, 548, 551, 552, 554, 555, 556, 557, 561, 562, 563, 564, 568, 569, 572, 573, 575, 577, 578, 583, 584, 585, 590, 591, 592, 595, 598, 603, 604, 607, 608, 611, 622, 624, 625, 628, 631, 632, 633, 634, 636, 637, 638, 639, 640, 643, 644, 645, 652, 653, 655, 656, 659, 663, 664, 666, 667, 669, 671, 680, 682, 684, 685, 689, 697, 699, 702, 705, 711, 714, 716, 717, 719, 720, 723, 726, 727, 728, 729, 738, 739, 742, 743, 746, 747, 749], "summary": {"covered_lines": 117, "num_statements": 133, "percent_covered": 87.96992481203007, "percent_covered_display": "88", "missing_lines": 16, "excluded_lines": 0, "percent_statements_covered": 87.96992481203007, "percent_statements_covered_display": "88"}, "missing_lines": [523, 526, 541, 542, 558, 579, 587, 599, 600, 691, 692, 708, 731, 733, 734, 735], "excluded_lines": [], "start_line": 460}, "process_duplicate_groups": {"executed_lines": [775, 776, 783, 784, 786, 787, 788, 790, 793, 798, 799, 800, 802, 803, 807, 831, 942, 944, 947, 949, 950, 951, 953, 960, 963, 966, 967, 974, 975, 979, 980, 981, 983, 990, 993, 1012, 1013, 1020, 1027, 1029, 1032, 1038], "summary": {"covered_lines": 42, "num_statements": 143, "percent_covered": 29.37062937062937, "percent_covered_display": "29", "missing_lines": 101, "excluded_lines": 0, "percent_statements_covered": 29.37062937062937, "percent_statements_covered_display": "29"}, "missing_lines": [794, 795, 808, 809, 810, 811, 814, 815, 816, 817, 818, 819, 820, 821, 822, 823, 824, 825, 826, 827, 828, 833, 836, 837, 838, 840, 844, 845, 846, 847, 849, 850, 852, 853, 854, 857, 858, 859, 862, 863, 864, 866, 867, 868, 869, 870, 871, 873, 876, 877, 880, 881, 882, 883, 884, 885, 886, 887, 888, 889, 890, 891, 892, 893, 894, 896, 898, 906, 907, 908, 915, 916, 917, 918, 920, 923, 937, 938, 939, 968, 969, 970, 971, 976, 994, 996, 999, 1002, 1003, 1005, 1006, 1008, 1009, 1014, 1015, 1016, 1017, 1022, 1023, 1024, 1025], "excluded_lines": [], "start_line": 754}, "process_deletion_and_generate_report": {"executed_lines": [], "summary": {"covered_lines": 0, "num_statements": 0, "percent_covered": 100.0, "percent_covered_display": "100", "missing_lines": 0, "excluded_lines": 115, "percent_statements_covered": 100.0, "percent_statements_covered_display": "100"}, "missing_lines": [], "excluded_lines": [1051, 1052, 1053, 1054, 1055, 1056, 1057, 1058, 1059, 1060, 1061, 1062, 1063, 1064, 1065, 1066, 1067, 1068, 1069, 1070, 1071, 1072, 1073, 1074, 1075, 1076, 1077, 1078, 1079, 1080, 1081, 1082, 1083, 1084, 1085, 1086, 1087, 1088, 1089, 1090, 1091, 1092, 1093, 1094, 1095, 1096, 1097, 1098, 1099, 1100, 1101, 1102, 1103, 1104, 1105, 1106, 1107, 1108, 1109, 1110, 1111, 1112, 1113, 1114, 1115, 1116, 1117, 1118, 1119, 1120, 1121, 1122, 1123, 1124, 1125, 1126, 1127, 1128, 1129, 1130, 1131, 1132, 1133, 1134, 1135, 1136, 1137, 1138, 1139, 1140, 1141, 1142, 1143, 1144, 1145, 1146, 1147, 1148, 1149, 1150, 1151, 1152, 1153, 1154, 1155, 1156, 1157, 1158, 1159, 1160, 1161, 1162, 1163, 1164, 1165], "start_line": 1041}, "": {"executed_lines": [5, 6, 7, 9, 10, 12, 13, 14, 15, 18, 56, 254, 460, 754], "summary": {"covered_lines": 14, "num_statements": 14, "percent_covered": 100.0, "percent_covered_display": "100", "missing_lines": 0, "excluded_lines": 10, "percent_statements_covered": 100.0, "percent_statements_covered_display": "100"}, "missing_lines": [], "excluded_lines": [1041, 1042, 1043, 1044, 1045, 1046, 1047, 1048, 1049, 1050], "start_line": 1}}, "classes": {"": {"executed_lines": [5, 6, 7, 9, 10, 12, 13, 14, 15, 18, 30, 32, 33, 34, 36, 37, 38, 40, 47, 48, 50, 53, 56, 67, 69, 72, 73, 74, 75, 77, 80, 87, 89, 91, 92, 96, 97, 99, 102, 103, 106, 107, 108, 109, 112, 114, 116, 117, 119, 121, 123, 127, 128, 129, 130, 132, 136, 137, 138, 139, 140, 146, 149, 150, 151, 154, 155, 156, 157, 161, 164, 165, 166, 168, 171, 173, 174, 179, 180, 188, 189, 191, 194, 197, 200, 201, 202, 204, 213, 214, 215, 216, 217, 218, 220, 221, 222, 224, 225, 229, 231, 232, 239, 241, 242, 244, 247, 251, 254, 265, 267, 269, 270, 272, 274, 277, 278, 285, 287, 288, 289, 291, 294, 297, 300, 301, 303, 306, 311, 313, 315, 316, 320, 321, 325, 326, 329, 330, 333, 336, 343, 344, 350, 352, 354, 358, 361, 431, 434, 435, 436, 440, 441, 443, 444, 448, 449, 452, 455, 460, 478, 481, 482, 484, 485, 486, 488, 490, 495, 497, 499, 500, 502, 503, 505, 506, 509, 510, 511, 513, 514, 515, 517, 518, 519, 522, 529, 532, 534, 537, 540, 545, 548, 551, 552, 554, 555, 556, 557, 561, 562, 563, 564, 568, 569, 572, 573, 575, 577, 578, 583, 584, 585, 590, 591, 592, 595, 598, 603, 604, 607, 608, 611, 622, 624, 625, 628, 631, 632, 633, 634, 636, 637, 638, 639, 640, 643, 644, 645, 652, 653, 655, 656, 659, 663, 664, 666, 667, 669, 671, 680, 682, 684, 685, 689, 697, 699, 702, 705, 711, 714, 716, 717, 719, 720, 723, 726, 727, 728, 729, 738, 739, 742, 743, 746, 747, 749, 754, 775, 776, 783, 784, 786, 787, 788, 790, 793, 798, 799, 800, 802, 803, 807, 831, 942, 944, 947, 949, 950, 951, 953, 960, 963, 966, 967, 974, 975, 979, 980, 981, 983, 990, 993, 1012, 1013, 1020, 1027, 1029, 1032, 1038], "summary": {"covered_lines": 320, "num_statements": 536, "percent_covered": 59.701492537313435, "percent_covered_display": "60", "missing_lines": 216, "excluded_lines": 125, "percent_statements_covered": 59.701492537313435, "percent_statements_covered_display": "60"}, "missing_lines": [41, 42, 43, 44, 51, 93, 124, 143, 158, 159, 162, 169, 175, 176, 177, 182, 183, 184, 185, 192, 198, 205, 206, 207, 209, 210, 211, 226, 235, 237, 238, 271, 275, 279, 281, 282, 292, 298, 307, 308, 309, 317, 322, 334, 337, 338, 339, 340, 345, 346, 347, 355, 359, 365, 366, 367, 368, 369, 370, 372, 374, 375, 376, 379, 381, 382, 383, 385, 386, 388, 392, 394, 396, 397, 399, 400, 402, 403, 406, 407, 408, 410, 411, 413, 415, 417, 418, 419, 422, 423, 424, 425, 428, 429, 437, 438, 445, 450, 453, 523, 526, 541, 542, 558, 579, 587, 599, 600, 691, 692, 708, 731, 733, 734, 735, 794, 795, 808, 809, 810, 811, 814, 815, 816, 817, 818, 819, 820, 821, 822, 823, 824, 825, 826, 827, 828, 833, 836, 837, 838, 840, 844, 845, 846, 847, 849, 850, 852, 853, 854, 857, 858, 859, 862, 863, 864, 866, 867, 868, 869, 870, 871, 873, 876, 877, 880, 881, 882, 883, 884, 885, 886, 887, 888, 889, 890, 891, 892, 893, 894, 896, 898, 906, 907, 908, 915, 916, 917, 918, 920, 923, 937, 938, 939, 968, 969, 970, 971, 976, 994, 996, 999, 1002, 1003, 1005, 1006, 1008, 1009, 1014, 1015, 1016, 1017, 1022, 1023, 1024, 1025], "excluded_lines": [1041, 1042, 1043, 1044, 1045, 1046, 1047, 1048, 1049, 1050, 1051, 1052, 1053, 1054, 1055, 1056, 1057, 1058, 1059, 1060, 1061, 1062, 1063, 1064, 1065, 1066, 1067, 1068, 1069, 1070, 1071, 1072, 1073, 1074, 1075, 1076, 1077, 1078, 1079, 1080, 1081, 1082, 1083, 1084, 1085, 1086, 1087, 1088, 1089, 1090, 1091, 1092, 1093, 1094, 1095, 1096, 1097, 1098, 1099, 1100, 1101, 1102, 1103, 1104, 1105, 1106, 1107, 1108, 1109, 1110, 1111, 1112, 1113, 1114, 1115, 1116, 1117, 1118, 1119, 1120, 1121, 1122, 1123, 1124, 1125, 1126, 1127, 1128, 1129, 1130, 1131, 1132, 1133, 1134, 1135, 1136, 1137, 1138, 1139, 1140, 1141, 1142, 1143, 1144, 1145, 1146, 1147, 1148, 1149, 1150, 1151, 1152, 1153, 1154, 1155, 1156, 1157, 1158, 1159, 1160, 1161, 1162, 1163, 1164, 1165], "start_line": 1}}}, "emby_dedupe/api/metadata.py": {"executed_lines": [5, 6, 7, 9, 10, 13, 25, 26, 29, 32, 33, 36, 37, 38, 39, 40, 41, 44, 45, 46, 47, 48, 49, 50, 57, 60, 61, 62, 63, 65, 66, 67, 68, 69, 71, 72, 77, 78, 79, 80, 81, 82, 83, 84, 85, 93, 94, 95, 96, 97, 98, 99, 106, 107, 108, 109, 110, 111, 120, 121, 122, 123, 131, 133, 134, 143, 144, 145, 146, 147, 148, 149, 150, 157, 198, 199, 200, 202, 203, 206, 207, 209, 211, 213, 216, 231, 233, 234, 237, 240, 244, 247, 248, 251, 253, 254, 257, 267, 268, 270, 271, 274, 276, 279, 284, 285, 286, 287, 288, 289, 291, 296, 313, 318, 319, 322, 325, 326, 329, 332, 335, 336, 337, 340, 341, 342, 345, 362], "summary": {"covered_lines": 128, "num_statements": 161, "percent_covered": 79.5031055900621, "percent_covered_display": "80", "missing_lines": 33, "excluded_lines": 0, "percent_statements_covered": 79.5031055900621, "percent_statements_covered_display": "80"}, "missing_lines": [51, 52, 54, 73, 74, 87, 88, 89, 90, 101, 102, 103, 113, 114, 115, 116, 117, 124, 125, 126, 127, 128, 135, 136, 137, 138, 139, 140, 152, 153, 154, 292, 293], "excluded_lines": [], "functions": {"get_quality_description": {"executed_lines": [25, 26, 29, 32, 33, 36, 37, 38, 39, 40, 41, 44, 45, 46, 47, 48, 49, 50, 57, 60, 61, 62, 63, 65, 66, 67, 68, 69, 71, 72, 77, 78, 79, 80, 81, 82, 83, 84, 85, 93, 94, 95, 96, 97, 98, 99, 106, 107, 108, 109, 110, 111, 120, 121, 122, 123, 131, 133, 134, 143, 144, 145, 146, 147, 148, 149, 150, 157, 198, 199, 200, 202, 203, 206, 207, 209, 211, 213], "summary": {"covered_lines": 78, "num_statements": 109, "percent_covered": 71.55963302752293, "percent_covered_display": "72", "missing_lines": 31, "excluded_lines": 0, "percent_statements_covered": 71.55963302752293, "percent_statements_covered_display": "72"}, "missing_lines": [51, 52, 54, 73, 74, 87, 88, 89, 90, 101, 102, 103, 113, 114, 115, 116, 117, 124, 125, 126, 127, 128, 135, 136, 137, 138, 139, 140, 152, 153, 154], "excluded_lines": [], "start_line": 13}, "get_image_url": {"executed_lines": [231, 233, 234, 237, 240, 244, 247, 248, 251, 253, 254], "summary": {"covered_lines": 11, "num_statements": 11, "percent_covered": 100.0, "percent_covered_display": "100", "missing_lines": 0, "excluded_lines": 0, "percent_statements_covered": 100.0, "percent_statements_covered_display": "100"}, "missing_lines": [], "excluded_lines": [], "start_line": 216}, "rate_media_items": {"executed_lines": [267, 268, 270, 271, 274, 276, 279, 284, 285, 286, 287, 288, 289, 291, 296, 313, 318, 319, 322, 325, 326, 329, 332, 335, 336, 337, 340, 341, 342, 345, 362], "summary": {"covered_lines": 31, "num_statements": 33, "percent_covered": 93.93939393939394, "percent_covered_display": "94", "missing_lines": 2, "excluded_lines": 0, "percent_statements_covered": 93.93939393939394, "percent_statements_covered_display": "94"}, "missing_lines": [292, 293], "excluded_lines": [], "start_line": 257}, "": {"executed_lines": [5, 6, 7, 9, 10, 13, 216, 257], "summary": {"covered_lines": 8, "num_statements": 8, "percent_covered": 100.0, "percent_covered_display": "100", "missing_lines": 0, "excluded_lines": 0, "percent_statements_covered": 100.0, "percent_statements_covered_display": "100"}, "missing_lines": [], "excluded_lines": [], "start_line": 1}}, "classes": {"": {"executed_lines": [5, 6, 7, 9, 10, 13, 25, 26, 29, 32, 33, 36, 37, 38, 39, 40, 41, 44, 45, 46, 47, 48, 49, 50, 57, 60, 61, 62, 63, 65, 66, 67, 68, 69, 71, 72, 77, 78, 79, 80, 81, 82, 83, 84, 85, 93, 94, 95, 96, 97, 98, 99, 106, 107, 108, 109, 110, 111, 120, 121, 122, 123, 131, 133, 134, 143, 144, 145, 146, 147, 148, 149, 150, 157, 198, 199, 200, 202, 203, 206, 207, 209, 211, 213, 216, 231, 233, 234, 237, 240, 244, 247, 248, 251, 253, 254, 257, 267, 268, 270, 271, 274, 276, 279, 284, 285, 286, 287, 288, 289, 291, 296, 313, 318, 319, 322, 325, 326, 329, 332, 335, 336, 337, 340, 341, 342, 345, 362], "summary": {"covered_lines": 128, "num_statements": 161, "percent_covered": 79.5031055900621, "percent_covered_display": "80", "missing_lines": 33, "excluded_lines": 0, "percent_statements_covered": 79.5031055900621, "percent_statements_covered_display": "80"}, "missing_lines": [51, 52, 54, 73, 74, 87, 88, 89, 90, 101, 102, 103, 113, 114, 115, 116, 117, 124, 125, 126, 127, 128, 135, 136, 137, 138, 139, 140, 152, 153, 154, 292, 293], "excluded_lines": [], "start_line": 1}}}, "emby_dedupe/api/missing_episodes.py": {"executed_lines": [], "summary": {"covered_lines": 0, "num_statements": 218, "percent_covered": 0.0, "percent_covered_display": "0", "missing_lines": 218, "excluded_lines": 163, "percent_statements_covered": 0.0, "percent_statements_covered_display": "0"}, "missing_lines": [7, 8, 10, 11, 13, 14, 17, 22, 23, 26, 27, 29, 30, 31, 32, 34, 37, 38, 40, 41, 42, 43, 44, 45, 46, 47, 50, 51, 53, 54, 56, 58, 62, 63, 65, 66, 73, 78, 80, 81, 82, 88, 89, 90, 91, 92, 93, 94, 95, 97, 218, 223, 225, 226, 232, 233, 235, 238, 239, 241, 242, 244, 245, 247, 248, 249, 253, 255, 257, 258, 259, 260, 262, 269, 270, 271, 273, 275, 276, 278, 279, 281, 283, 284, 286, 287, 288, 291, 296, 297, 298, 307, 308, 311, 312, 313, 314, 316, 317, 320, 321, 322, 323, 324, 326, 327, 329, 330, 331, 334, 339, 341, 342, 343, 346, 347, 352, 353, 355, 356, 357, 358, 359, 361, 362, 365, 366, 369, 371, 372, 374, 375, 377, 380, 384, 385, 386, 392, 393, 395, 396, 398, 400, 401, 402, 405, 417, 418, 419, 420, 423, 424, 425, 426, 428, 429, 431, 432, 433, 436, 448, 449, 450, 451, 454, 455, 456, 457, 459, 460, 462, 463, 464, 467, 477, 478, 487, 488, 489, 490, 491, 494, 497, 498, 500, 503, 504, 507, 508, 509, 510, 511, 512, 513, 514, 516, 517, 519, 521, 522, 523, 524, 525, 526, 527, 530, 531, 538, 547, 548, 551, 552, 553, 561, 562, 564, 567, 575], "excluded_lines": [100, 101, 102, 103, 104, 105, 106, 107, 108, 109, 110, 111, 112, 113, 114, 115, 116, 117, 118, 119, 120, 121, 122, 123, 124, 125, 126, 127, 128, 129, 130, 131, 132, 133, 134, 135, 136, 137, 138, 139, 140, 141, 142, 143, 144, 145, 146, 147, 148, 149, 150, 151, 152, 153, 154, 155, 156, 157, 158, 159, 160, 161, 162, 163, 164, 165, 166, 167, 168, 169, 170, 171, 172, 173, 174, 175, 176, 177, 178, 179, 180, 181, 182, 183, 184, 185, 186, 187, 188, 189, 190, 191, 192, 193, 194, 195, 196, 197, 198, 199, 200, 201, 202, 203, 204, 205, 206, 207, 208, 209, 210, 211, 212, 213, 214, 215, 584, 585, 586, 587, 588, 589, 590, 591, 592, 593, 594, 595, 596, 597, 598, 599, 600, 601, 602, 603, 604, 605, 606, 607, 608, 609, 610, 611, 612, 613, 614, 615, 616, 617, 618, 619, 620, 621, 622, 623, 624, 625, 626, 627, 628, 629, 630], "functions": {"enrich_episodes_with_series_metadata": {"executed_lines": [], "summary": {"covered_lines": 0, "num_statements": 43, "percent_covered": 0.0, "percent_covered_display": "0", "missing_lines": 43, "excluded_lines": 0, "percent_statements_covered": 0.0, "percent_statements_covered_display": "0"}, "missing_lines": [22, 23, 26, 27, 29, 30, 31, 32, 34, 37, 38, 40, 41, 42, 43, 44, 45, 46, 47, 50, 51, 53, 54, 56, 58, 62, 63, 65, 66, 73, 78, 80, 81, 82, 88, 89, 90, 91, 92, 93, 94, 95, 97], "excluded_lines": [], "start_line": 17}, "get_missing_episodes": {"executed_lines": [], "summary": {"covered_lines": 0, "num_statements": 0, "percent_covered": 100.0, "percent_covered_display": "100", "missing_lines": 0, "excluded_lines": 115, "percent_statements_covered": 100.0, "percent_statements_covered_display": "100"}, "missing_lines": [], "excluded_lines": [101, 102, 103, 104, 105, 106, 107, 108, 109, 110, 111, 112, 113, 114, 115, 116, 117, 118, 119, 120, 121, 122, 123, 124, 125, 126, 127, 128, 129, 130, 131, 132, 133, 134, 135, 136, 137, 138, 139, 140, 141, 142, 143, 144, 145, 146, 147, 148, 149, 150, 151, 152, 153, 154, 155, 156, 157, 158, 159, 160, 161, 162, 163, 164, 165, 166, 167, 168, 169, 170, 171, 172, 173, 174, 175, 176, 177, 178, 179, 180, 181, 182, 183, 184, 185, 186, 187, 188, 189, 190, 191, 192, 193, 194, 195, 196, 197, 198, 199, 200, 201, 202, 203, 204, 205, 206, 207, 208, 209, 210, 211, 212, 213, 214, 215], "start_line": 100}, "get_missing_episodes_alternative": {"executed_lines": [], "summary": {"covered_lines": 0, "num_statements": 36, "percent_covered": 0.0, "percent_covered_display": "0", "missing_lines": 36, "excluded_lines": 0, "percent_statements_covered": 0.0, "percent_statements_covered_display": "0"}, "missing_lines": [223, 225, 226, 232, 233, 235, 238, 239, 241, 242, 244, 245, 247, 248, 249, 253, 255, 257, 258, 259, 260, 262, 269, 270, 271, 273, 275, 276, 278, 279, 281, 283, 284, 286, 287, 288], "excluded_lines": [], "start_line": 218}, "get_missing_episodes_for_series": {"executed_lines": [], "summary": {"covered_lines": 0, "num_statements": 21, "percent_covered": 0.0, "percent_covered_display": "0", "missing_lines": 21, "excluded_lines": 0, "percent_statements_covered": 0.0, "percent_statements_covered_display": "0"}, "missing_lines": [296, 297, 298, 307, 308, 311, 312, 313, 314, 316, 317, 320, 321, 322, 323, 324, 326, 327, 329, 330, 331], "excluded_lines": [], "start_line": 291}, "get_expected_episodes_from_metadata": {"executed_lines": [], "summary": {"covered_lines": 0, "num_statements": 23, "percent_covered": 0.0, "percent_covered_display": "0", "missing_lines": 23, "excluded_lines": 0, "percent_statements_covered": 0.0, "percent_statements_covered_display": "0"}, "missing_lines": [339, 341, 342, 343, 346, 347, 352, 353, 355, 356, 357, 358, 359, 361, 362, 365, 366, 369, 371, 372, 374, 375, 377], "excluded_lines": [], "start_line": 334}, "get_season_episodes": {"executed_lines": [], "summary": {"covered_lines": 0, "num_statements": 11, "percent_covered": 0.0, "percent_covered_display": "0", "missing_lines": 11, "excluded_lines": 0, "percent_statements_covered": 0.0, "percent_statements_covered_display": "0"}, "missing_lines": [384, 385, 386, 392, 393, 395, 396, 398, 400, 401, 402], "excluded_lines": [], "start_line": 380}, "get_series_episodes": {"executed_lines": [], "summary": {"covered_lines": 0, "num_statements": 13, "percent_covered": 0.0, "percent_covered_display": "0", "missing_lines": 13, "excluded_lines": 0, "percent_statements_covered": 0.0, "percent_statements_covered_display": "0"}, "missing_lines": [417, 418, 419, 420, 423, 424, 425, 426, 428, 429, 431, 432, 433], "excluded_lines": [], "start_line": 405}, "get_series_seasons": {"executed_lines": [], "summary": {"covered_lines": 0, "num_statements": 13, "percent_covered": 0.0, "percent_covered_display": "0", "missing_lines": 13, "excluded_lines": 0, "percent_statements_covered": 0.0, "percent_statements_covered_display": "0"}, "missing_lines": [448, 449, 450, 451, 454, 455, 456, 457, 459, 460, 462, 463, 464], "excluded_lines": [], "start_line": 436}, "analyze_missing_episodes": {"executed_lines": [], "summary": {"covered_lines": 0, "num_statements": 44, "percent_covered": 0.0, "percent_covered_display": "0", "missing_lines": 44, "excluded_lines": 0, "percent_statements_covered": 0.0, "percent_statements_covered_display": "0"}, "missing_lines": [477, 478, 487, 488, 489, 490, 491, 494, 497, 498, 500, 503, 504, 507, 508, 509, 510, 511, 512, 513, 514, 516, 517, 519, 521, 522, 523, 524, 525, 526, 527, 530, 531, 538, 547, 548, 551, 552, 553, 561, 562, 564, 567, 575], "excluded_lines": [], "start_line": 467}, "process_missing_episodes_for_libraries": {"executed_lines": [], "summary": {"covered_lines": 0, "num_statements": 0, "percent_covered": 100.0, "percent_covered_display": "100", "missing_lines": 0, "excluded_lines": 39, "percent_statements_covered": 100.0, "percent_statements_covered_display": "100"}, "missing_lines": [], "excluded_lines": [592, 593, 594, 595, 596, 597, 598, 599, 600, 601, 602, 603, 604, 605, 606, 607, 608, 609, 610, 611, 612, 613, 614, 615, 616, 617, 618, 619, 620, 621, 622, 623, 624, 625, 626, 627, 628, 629, 630], "start_line": 584}, "": {"executed_lines": [], "summary": {"covered_lines": 0, "num_statements": 14, "percent_covered": 0.0, "percent_covered_display": "0", "missing_lines": 14, "excluded_lines": 9, "percent_statements_covered": 0.0, "percent_statements_covered_display": "0"}, "missing_lines": [7, 8, 10, 11, 13, 14, 17, 218, 291, 334, 380, 405, 436, 467], "excluded_lines": [100, 584, 585, 586, 587, 588, 589, 590, 591], "start_line": 1}}, "classes": {"": {"executed_lines": [], "summary": {"covered_lines": 0, "num_statements": 218, "percent_covered": 0.0, "percent_covered_display": "0", "missing_lines": 218, "excluded_lines": 163, "percent_statements_covered": 0.0, "percent_statements_covered_display": "0"}, "missing_lines": [7, 8, 10, 11, 13, 14, 17, 22, 23, 26, 27, 29, 30, 31, 32, 34, 37, 38, 40, 41, 42, 43, 44, 45, 46, 47, 50, 51, 53, 54, 56, 58, 62, 63, 65, 66, 73, 78, 80, 81, 82, 88, 89, 90, 91, 92, 93, 94, 95, 97, 218, 223, 225, 226, 232, 233, 235, 238, 239, 241, 242, 244, 245, 247, 248, 249, 253, 255, 257, 258, 259, 260, 262, 269, 270, 271, 273, 275, 276, 278, 279, 281, 283, 284, 286, 287, 288, 291, 296, 297, 298, 307, 308, 311, 312, 313, 314, 316, 317, 320, 321, 322, 323, 324, 326, 327, 329, 330, 331, 334, 339, 341, 342, 343, 346, 347, 352, 353, 355, 356, 357, 358, 359, 361, 362, 365, 366, 369, 371, 372, 374, 375, 377, 380, 384, 385, 386, 392, 393, 395, 396, 398, 400, 401, 402, 405, 417, 418, 419, 420, 423, 424, 425, 426, 428, 429, 431, 432, 433, 436, 448, 449, 450, 451, 454, 455, 456, 457, 459, 460, 462, 463, 464, 467, 477, 478, 487, 488, 489, 490, 491, 494, 497, 498, 500, 503, 504, 507, 508, 509, 510, 511, 512, 513, 514, 516, 517, 519, 521, 522, 523, 524, 525, 526, 527, 530, 531, 538, 547, 548, 551, 552, 553, 561, 562, 564, 567, 575], "excluded_lines": [100, 101, 102, 103, 104, 105, 106, 107, 108, 109, 110, 111, 112, 113, 114, 115, 116, 117, 118, 119, 120, 121, 122, 123, 124, 125, 126, 127, 128, 129, 130, 131, 132, 133, 134, 135, 136, 137, 138, 139, 140, 141, 142, 143, 144, 145, 146, 147, 148, 149, 150, 151, 152, 153, 154, 155, 156, 157, 158, 159, 160, 161, 162, 163, 164, 165, 166, 167, 168, 169, 170, 171, 172, 173, 174, 175, 176, 177, 178, 179, 180, 181, 182, 183, 184, 185, 186, 187, 188, 189, 190, 191, 192, 193, 194, 195, 196, 197, 198, 199, 200, 201, 202, 203, 204, 205, 206, 207, 208, 209, 210, 211, 212, 213, 214, 215, 584, 585, 586, 587, 588, 589, 590, 591, 592, 593, 594, 595, 596, 597, 598, 599, 600, 601, 602, 603, 604, 605, 606, 607, 608, 609, 610, 611, 612, 613, 614, 615, 616, 617, 618, 619, 620, 621, 622, 623, 624, 625, 626, 627, 628, 629, 630], "start_line": 1}}}, "emby_dedupe/api/quality_compare.py": {"executed_lines": [8, 9, 10, 12, 14, 15, 16, 23, 34, 51, 60, 84, 92, 102, 113, 128, 142, 143, 144, 145, 146, 148, 150, 153, 154, 155, 156, 157, 158, 162, 164, 167, 178, 179, 180, 181, 182, 184, 186, 188, 189, 190, 193, 195, 198, 214, 218, 219, 220, 222, 227, 230, 247, 248, 250, 251, 254, 263, 264, 265, 266, 267, 268, 269, 270, 272, 275, 293, 294, 295, 296, 297, 298, 299, 302, 303, 304, 305, 306, 307, 308, 309, 310, 311, 312, 313, 316, 317, 319, 322, 333, 334, 335, 336, 337, 340, 341, 344, 345, 346, 349, 350, 351, 354, 355, 356, 371, 374, 385, 386, 387, 388, 389, 390, 391, 392, 393, 398, 399, 400, 401, 402, 404, 407, 408, 411, 412, 413, 414, 415, 416, 417, 418, 419, 420, 421, 423, 425, 427, 428, 429, 430, 431, 433, 435, 437, 438, 439, 442, 444, 445, 446, 447, 448, 449, 452, 454, 455, 458, 460, 461, 462, 464, 471, 503, 505, 507, 509, 521, 522, 525, 530, 531, 533, 534, 535, 538, 539, 540, 541, 542, 543, 546, 547, 548, 549, 552, 561, 563, 566, 567, 572, 573, 574, 575, 576, 577, 578, 579, 580, 581, 582, 583, 584, 585, 586, 587, 588, 590, 591, 594, 595, 596, 598, 599, 600, 601, 602, 603, 604, 605, 606, 608, 609, 614, 615, 616, 617, 618, 619, 620, 625, 626, 627, 628, 629, 630, 631, 633, 634, 639, 640, 643, 644, 645, 646, 647, 648, 651, 653, 673, 685, 686, 687, 688, 694, 695, 697, 698, 700, 703, 704, 705, 706, 707, 708, 711, 712, 713, 714, 717, 725, 726, 728, 730, 732, 752, 753, 759, 760, 761, 762, 763, 765, 766, 768, 770, 772, 778, 779, 781, 782, 789, 790, 797, 800, 813, 814, 817, 828, 830, 832, 836, 839, 840, 841, 842, 843, 844, 846, 847, 849, 852, 873, 874, 882, 887, 888, 889, 890, 891, 894, 895, 896, 897, 898, 899, 900, 902, 918, 921, 925, 926, 929, 932, 934, 935, 938, 939, 941, 943, 945, 946, 947, 948, 949, 950, 951, 952, 954, 955, 958, 959, 960, 965, 967, 971, 978, 983, 986, 987, 988, 989, 991, 992, 993, 997, 999, 1000, 1003, 1004, 1007, 1010, 1013, 1014, 1015, 1038, 1039, 1040, 1042], "summary": {"covered_lines": 380, "num_statements": 429, "percent_covered": 88.57808857808858, "percent_covered_display": "89", "missing_lines": 49, "excluded_lines": 1, "percent_statements_covered": 88.57808857808858, "percent_statements_covered_display": "89"}, "missing_lines": [17, 18, 19, 215, 359, 360, 361, 364, 365, 366, 367, 368, 394, 395, 426, 436, 440, 450, 456, 473, 478, 479, 482, 483, 484, 485, 486, 489, 490, 496, 500, 526, 527, 621, 622, 635, 833, 944, 968, 969, 973, 974, 980, 1016, 1022, 1023, 1024, 1026, 1027], "excluded_lines": [636], "functions": {"detect_source_quality": {"executed_lines": [142, 143, 144, 145, 146, 148, 150, 153, 154, 155, 156, 157, 158, 162, 164], "summary": {"covered_lines": 15, "num_statements": 15, "percent_covered": 100.0, "percent_covered_display": "100", "missing_lines": 0, "excluded_lines": 0, "percent_statements_covered": 100.0, "percent_statements_covered_display": "100"}, "missing_lines": [], "excluded_lines": [], "start_line": 128}, "detect_ai_upscale": {"executed_lines": [178, 179, 180, 181, 182, 184, 186, 188, 189, 190, 193, 195], "summary": {"covered_lines": 12, "num_statements": 12, "percent_covered": 100.0, "percent_covered_display": "100", "missing_lines": 0, "excluded_lines": 0, "percent_statements_covered": 100.0, "percent_statements_covered_display": "100"}, "missing_lines": [], "excluded_lines": [], "start_line": 167}, "estimate_bitrate_from_size": {"executed_lines": [214, 218, 219, 220, 222, 227], "summary": {"covered_lines": 6, "num_statements": 7, "percent_covered": 85.71428571428571, "percent_covered_display": "86", "missing_lines": 1, "excluded_lines": 0, "percent_statements_covered": 85.71428571428571, "percent_statements_covered_display": "86"}, "missing_lines": [215], "excluded_lines": [], "start_line": 198}, "calculate_bpp": {"executed_lines": [247, 248, 250, 251], "summary": {"covered_lines": 4, "num_statements": 4, "percent_covered": 100.0, "percent_covered_display": "100", "missing_lines": 0, "excluded_lines": 0, "percent_statements_covered": 100.0, "percent_statements_covered_display": "100"}, "missing_lines": [], "excluded_lines": [], "start_line": 230}, "get_bpp_multiplier": {"executed_lines": [263, 264, 265, 266, 267, 268, 269, 270, 272], "summary": {"covered_lines": 9, "num_statements": 9, "percent_covered": 100.0, "percent_covered_display": "100", "missing_lines": 0, "excluded_lines": 0, "percent_statements_covered": 100.0, "percent_statements_covered_display": "100"}, "missing_lines": [], "excluded_lines": [], "start_line": 254}, "has_quality_red_flags": {"executed_lines": [293, 294, 295, 296, 297, 298, 299, 302, 303, 304, 305, 306, 307, 308, 309, 310, 311, 312, 313, 316, 317, 319], "summary": {"covered_lines": 22, "num_statements": 22, "percent_covered": 100.0, "percent_covered_display": "100", "missing_lines": 0, "excluded_lines": 0, "percent_statements_covered": 100.0, "percent_statements_covered_display": "100"}, "missing_lines": [], "excluded_lines": [], "start_line": 275}, "detect_source_quality_with_rtn": {"executed_lines": [333, 334, 335, 336, 337, 340, 341, 344, 345, 346, 349, 350, 351, 354, 355, 356, 371], "summary": {"covered_lines": 17, "num_statements": 25, "percent_covered": 68.0, "percent_covered_display": "68", "missing_lines": 8, "excluded_lines": 0, "percent_statements_covered": 68.0, "percent_statements_covered_display": "68"}, "missing_lines": [359, 360, 361, 364, 365, 366, 367, 368], "excluded_lines": [], "start_line": 322}, "get_codec_multiplier_with_rtn": {"executed_lines": [385, 386, 387, 388, 389, 390, 391, 392, 393, 398, 399, 400, 401, 402, 404], "summary": {"covered_lines": 15, "num_statements": 17, "percent_covered": 88.23529411764706, "percent_covered_display": "88", "missing_lines": 2, "excluded_lines": 0, "percent_statements_covered": 88.23529411764706, "percent_statements_covered_display": "88"}, "missing_lines": [394, 395], "excluded_lines": [], "start_line": 374}, "ProposedQuality.get_resolution_pixels": {"executed_lines": [425, 427, 428, 429, 430, 431], "summary": {"covered_lines": 6, "num_statements": 7, "percent_covered": 85.71428571428571, "percent_covered_display": "86", "missing_lines": 1, "excluded_lines": 0, "percent_statements_covered": 85.71428571428571, "percent_statements_covered_display": "86"}, "missing_lines": [426], "excluded_lines": [], "start_line": 423}, "ProposedQuality.get_resolution_pixels_tuple": {"executed_lines": [435, 437, 438, 439], "summary": {"covered_lines": 4, "num_statements": 6, "percent_covered": 66.66666666666667, "percent_covered_display": "67", "missing_lines": 2, "excluded_lines": 0, "percent_statements_covered": 66.66666666666667, "percent_statements_covered_display": "67"}, "missing_lines": [436, 440], "excluded_lines": [], "start_line": 433}, "ProposedQuality.get_audio_channels": {"executed_lines": [444, 445, 446, 447, 448, 449], "summary": {"covered_lines": 6, "num_statements": 7, "percent_covered": 85.71428571428571, "percent_covered_display": "86", "missing_lines": 1, "excluded_lines": 0, "percent_statements_covered": 85.71428571428571, "percent_statements_covered_display": "86"}, "missing_lines": [450], "excluded_lines": [], "start_line": 442}, "ProposedQuality.get_size_bytes": {"executed_lines": [454, 455], "summary": {"covered_lines": 2, "num_statements": 3, "percent_covered": 66.66666666666667, "percent_covered_display": "67", "missing_lines": 1, "excluded_lines": 0, "percent_statements_covered": 66.66666666666667, "percent_statements_covered_display": "67"}, "missing_lines": [456], "excluded_lines": [], "start_line": 452}, "ProposedQuality.get_bitrate": {"executed_lines": [460, 461, 462], "summary": {"covered_lines": 3, "num_statements": 3, "percent_covered": 100.0, "percent_covered_display": "100", "missing_lines": 0, "excluded_lines": 0, "percent_statements_covered": 100.0, "percent_statements_covered_display": "100"}, "missing_lines": [], "excluded_lines": [], "start_line": 458}, "ProposedQuality.get_source_quality_multiplier": {"executed_lines": [471, 503], "summary": {"covered_lines": 2, "num_statements": 14, "percent_covered": 14.285714285714286, "percent_covered_display": "14", "missing_lines": 12, "excluded_lines": 0, "percent_statements_covered": 14.285714285714286, "percent_statements_covered_display": "14"}, "missing_lines": [473, 478, 479, 482, 483, 484, 485, 486, 489, 490, 496, 500], "excluded_lines": [], "start_line": 464}, "ProposedQuality.is_ai_upscaled": {"executed_lines": [507], "summary": {"covered_lines": 1, "num_statements": 1, "percent_covered": 100.0, "percent_covered_display": "100", "missing_lines": 0, "excluded_lines": 0, "percent_statements_covered": 100.0, "percent_statements_covered_display": "100"}, "missing_lines": [], "excluded_lines": [], "start_line": 505}, "ProposedQuality.calculate_score": {"executed_lines": [521, 522, 525, 530, 531, 533, 534, 535, 538, 539, 540, 541, 542, 543, 546, 547, 548, 549, 552, 561, 563], "summary": {"covered_lines": 21, "num_statements": 23, "percent_covered": 91.30434782608695, "percent_covered_display": "91", "missing_lines": 2, "excluded_lines": 0, "percent_statements_covered": 91.30434782608695, "percent_statements_covered_display": "91"}, "missing_lines": [526, 527], "excluded_lines": [], "start_line": 509}, "ExistingQuality.from_emby_item": {"executed_lines": [594, 595, 596, 598, 599, 600, 601, 602, 603, 604, 605, 606, 608, 609, 614, 615, 616, 617, 618, 619, 620, 625, 626, 627, 628, 629, 630, 631, 633, 634, 639, 640, 643, 644, 645, 646, 647, 648, 651, 653], "summary": {"covered_lines": 40, "num_statements": 43, "percent_covered": 93.02325581395348, "percent_covered_display": "93", "missing_lines": 3, "excluded_lines": 1, "percent_statements_covered": 93.02325581395348, "percent_statements_covered_display": "93"}, "missing_lines": [621, 622, 635], "excluded_lines": [636], "start_line": 591}, "ExistingQuality.calculate_score": {"executed_lines": [685, 686, 687, 688, 694, 695, 697, 698, 700, 703, 704, 705, 706, 707, 708, 711, 712, 713, 714, 717, 725, 726, 728], "summary": {"covered_lines": 23, "num_statements": 23, "percent_covered": 100.0, "percent_covered_display": "100", "missing_lines": 0, "excluded_lines": 0, "percent_statements_covered": 100.0, "percent_statements_covered_display": "100"}, "missing_lines": [], "excluded_lines": [], "start_line": 673}, "ExistingQuality.to_dict": {"executed_lines": [732], "summary": {"covered_lines": 1, "num_statements": 1, "percent_covered": 100.0, "percent_covered_display": "100", "missing_lines": 0, "excluded_lines": 0, "percent_statements_covered": 100.0, "percent_statements_covered_display": "100"}, "missing_lines": [], "excluded_lines": [], "start_line": 730}, "ComparisonResult.should_download": {"executed_lines": [768], "summary": {"covered_lines": 1, "num_statements": 1, "percent_covered": 100.0, "percent_covered_display": "100", "missing_lines": 0, "excluded_lines": 0, "percent_statements_covered": 100.0, "percent_statements_covered_display": "100"}, "missing_lines": [], "excluded_lines": [], "start_line": 766}, "ComparisonResult.to_dict": {"executed_lines": [772, 778, 779, 781, 782, 789, 790, 797], "summary": {"covered_lines": 8, "num_statements": 8, "percent_covered": 100.0, "percent_covered_display": "100", "missing_lines": 0, "excluded_lines": 0, "percent_statements_covered": 100.0, "percent_statements_covered_display": "100"}, "missing_lines": [], "excluded_lines": [], "start_line": 770}, "apply_language_priority": {"executed_lines": [813, 814, 817, 828, 830, 849], "summary": {"covered_lines": 6, "num_statements": 6, "percent_covered": 100.0, "percent_covered_display": "100", "missing_lines": 0, "excluded_lines": 0, "percent_statements_covered": 100.0, "percent_statements_covered_display": "100"}, "missing_lines": [], "excluded_lines": [], "start_line": 800}, "apply_language_priority.get_lang_priority": {"executed_lines": [832, 836, 839, 840, 841, 842, 843, 844, 846, 847], "summary": {"covered_lines": 10, "num_statements": 11, "percent_covered": 90.9090909090909, "percent_covered_display": "91", "missing_lines": 1, "excluded_lines": 0, "percent_statements_covered": 90.9090909090909, "percent_statements_covered_display": "91"}, "missing_lines": [833], "excluded_lines": [], "start_line": 830}, "compare_quality": {"executed_lines": [873, 874, 882, 887, 888, 889, 890, 891, 894, 895, 896, 897, 898, 899, 900, 902, 918, 921, 925, 926, 929, 932, 934, 935, 938, 939, 941, 954, 955, 958, 959, 960, 965, 967, 971, 978, 983, 986, 987, 988, 989, 991, 992, 993, 997, 999, 1000, 1003, 1004, 1007, 1010, 1013, 1014, 1015, 1038, 1039, 1040, 1042], "summary": {"covered_lines": 58, "num_statements": 69, "percent_covered": 84.05797101449275, "percent_covered_display": "84", "missing_lines": 11, "excluded_lines": 0, "percent_statements_covered": 84.05797101449275, "percent_statements_covered_display": "84"}, "missing_lines": [968, 969, 973, 974, 980, 1016, 1022, 1023, 1024, 1026, 1027], "excluded_lines": [], "start_line": 852}, "compare_quality.get_best_priority": {"executed_lines": [943, 945, 946, 947, 948, 949, 950, 951, 952], "summary": {"covered_lines": 9, "num_statements": 10, "percent_covered": 90.0, "percent_covered_display": "90", "missing_lines": 1, "excluded_lines": 0, "percent_statements_covered": 90.0, "percent_statements_covered_display": "90"}, "missing_lines": [944], "excluded_lines": [], "start_line": 941}, "": {"executed_lines": [8, 9, 10, 12, 14, 15, 16, 23, 34, 51, 60, 84, 92, 102, 113, 128, 167, 198, 230, 254, 275, 322, 374, 407, 408, 411, 412, 413, 414, 415, 416, 417, 418, 419, 420, 421, 423, 433, 442, 452, 458, 464, 505, 509, 566, 567, 572, 573, 574, 575, 576, 577, 578, 579, 580, 581, 582, 583, 584, 585, 586, 587, 588, 590, 591, 673, 730, 752, 753, 759, 760, 761, 762, 763, 765, 766, 770, 800, 852], "summary": {"covered_lines": 79, "num_statements": 82, "percent_covered": 96.34146341463415, "percent_covered_display": "96", "missing_lines": 3, "excluded_lines": 0, "percent_statements_covered": 96.34146341463415, "percent_statements_covered_display": "96"}, "missing_lines": [17, 18, 19], "excluded_lines": [], "start_line": 1}}, "classes": {"ProposedQuality": {"executed_lines": [425, 427, 428, 429, 430, 431, 435, 437, 438, 439, 444, 445, 446, 447, 448, 449, 454, 455, 460, 461, 462, 471, 503, 507, 521, 522, 525, 530, 531, 533, 534, 535, 538, 539, 540, 541, 542, 543, 546, 547, 548, 549, 552, 561, 563], "summary": {"covered_lines": 45, "num_statements": 64, "percent_covered": 70.3125, "percent_covered_display": "70", "missing_lines": 19, "excluded_lines": 0, "percent_statements_covered": 70.3125, "percent_statements_covered_display": "70"}, "missing_lines": [426, 436, 440, 450, 456, 473, 478, 479, 482, 483, 484, 485, 486, 489, 490, 496, 500, 526, 527], "excluded_lines": [], "start_line": 408}, "ExistingQuality": {"executed_lines": [594, 595, 596, 598, 599, 600, 601, 602, 603, 604, 605, 606, 608, 609, 614, 615, 616, 617, 618, 619, 620, 625, 626, 627, 628, 629, 630, 631, 633, 634, 639, 640, 643, 644, 645, 646, 647, 648, 651, 653, 685, 686, 687, 688, 694, 695, 697, 698, 700, 703, 704, 705, 706, 707, 708, 711, 712, 713, 714, 717, 725, 726, 728, 732], "summary": {"covered_lines": 64, "num_statements": 67, "percent_covered": 95.5223880597015, "percent_covered_display": "96", "missing_lines": 3, "excluded_lines": 1, "percent_statements_covered": 95.5223880597015, "percent_statements_covered_display": "96"}, "missing_lines": [621, 622, 635], "excluded_lines": [636], "start_line": 567}, "ComparisonResult": {"executed_lines": [768, 772, 778, 779, 781, 782, 789, 790, 797], "summary": {"covered_lines": 9, "num_statements": 9, "percent_covered": 100.0, "percent_covered_display": "100", "missing_lines": 0, "excluded_lines": 0, "percent_statements_covered": 100.0, "percent_statements_covered_display": "100"}, "missing_lines": [], "excluded_lines": [], "start_line": 753}, "": {"executed_lines": [8, 9, 10, 12, 14, 15, 16, 23, 34, 51, 60, 84, 92, 102, 113, 128, 142, 143, 144, 145, 146, 148, 150, 153, 154, 155, 156, 157, 158, 162, 164, 167, 178, 179, 180, 181, 182, 184, 186, 188, 189, 190, 193, 195, 198, 214, 218, 219, 220, 222, 227, 230, 247, 248, 250, 251, 254, 263, 264, 265, 266, 267, 268, 269, 270, 272, 275, 293, 294, 295, 296, 297, 298, 299, 302, 303, 304, 305, 306, 307, 308, 309, 310, 311, 312, 313, 316, 317, 319, 322, 333, 334, 335, 336, 337, 340, 341, 344, 345, 346, 349, 350, 351, 354, 355, 356, 371, 374, 385, 386, 387, 388, 389, 390, 391, 392, 393, 398, 399, 400, 401, 402, 404, 407, 408, 411, 412, 413, 414, 415, 416, 417, 418, 419, 420, 421, 423, 433, 442, 452, 458, 464, 505, 509, 566, 567, 572, 573, 574, 575, 576, 577, 578, 579, 580, 581, 582, 583, 584, 585, 586, 587, 588, 590, 591, 673, 730, 752, 753, 759, 760, 761, 762, 763, 765, 766, 770, 800, 813, 814, 817, 828, 830, 832, 836, 839, 840, 841, 842, 843, 844, 846, 847, 849, 852, 873, 874, 882, 887, 888, 889, 890, 891, 894, 895, 896, 897, 898, 899, 900, 902, 918, 921, 925, 926, 929, 932, 934, 935, 938, 939, 941, 943, 945, 946, 947, 948, 949, 950, 951, 952, 954, 955, 958, 959, 960, 965, 967, 971, 978, 983, 986, 987, 988, 989, 991, 992, 993, 997, 999, 1000, 1003, 1004, 1007, 1010, 1013, 1014, 1015, 1038, 1039, 1040, 1042], "summary": {"covered_lines": 262, "num_statements": 289, "percent_covered": 90.65743944636678, "percent_covered_display": "91", "missing_lines": 27, "excluded_lines": 0, "percent_statements_covered": 90.65743944636678, "percent_statements_covered_display": "91"}, "missing_lines": [17, 18, 19, 215, 359, 360, 361, 364, 365, 366, 367, 368, 394, 395, 833, 944, 968, 969, 973, 974, 980, 1016, 1022, 1023, 1024, 1026, 1027], "excluded_lines": [], "start_line": 1}}}, "emby_dedupe/api/search.py": {"executed_lines": [10, 11, 13, 15, 18, 28, 30, 32, 34, 35, 38, 49, 50, 52, 53, 55, 56, 59, 60, 62, 65, 89, 96, 102, 105, 106, 108, 109, 110, 111, 112, 113, 116, 117, 118, 119, 120, 122, 123, 125, 126, 127, 130, 152, 157, 159, 169, 172, 173, 174, 175, 176, 177, 178, 179, 186, 210, 221, 224, 225, 226, 227, 228, 229, 232, 233, 234, 235, 236, 238, 239, 240, 243, 244, 252, 253, 254, 255, 258, 259, 260, 261, 263, 265, 266, 268, 269, 276, 291, 292, 294, 295, 296, 297, 299, 300, 301, 306, 307, 314, 331, 333, 334, 335, 336, 337, 338, 342, 345, 366, 368, 369, 387, 420, 421, 429, 430, 431, 434, 435, 437, 444, 452, 454, 456, 457, 463], "summary": {"covered_lines": 127, "num_statements": 166, "percent_covered": 76.50602409638554, "percent_covered_display": "77", "missing_lines": 39, "excluded_lines": 0, "percent_statements_covered": 76.50602409638554, "percent_statements_covered_display": "77"}, "missing_lines": [97, 103, 170, 181, 182, 183, 222, 271, 272, 273, 309, 310, 311, 340, 370, 371, 372, 375, 376, 377, 378, 379, 380, 381, 382, 384, 422, 423, 424, 425, 438, 441, 442, 445, 448, 449, 459, 460, 465], "excluded_lines": [], "functions": {"normalize_title": {"executed_lines": [28, 30, 32, 34, 35], "summary": {"covered_lines": 5, "num_statements": 5, "percent_covered": 100.0, "percent_covered_display": "100", "missing_lines": 0, "excluded_lines": 0, "percent_statements_covered": 100.0, "percent_statements_covered_display": "100"}, "missing_lines": [], "excluded_lines": [], "start_line": 18}, "titles_match": {"executed_lines": [49, 50, 52, 53, 55, 56, 59, 60, 62], "summary": {"covered_lines": 9, "num_statements": 9, "percent_covered": 100.0, "percent_covered_display": "100", "missing_lines": 0, "excluded_lines": 0, "percent_statements_covered": 100.0, "percent_statements_covered_display": "100"}, "missing_lines": [], "excluded_lines": [], "start_line": 38}, "search_by_name": {"executed_lines": [89, 96, 102, 105, 106, 108, 109, 110, 111, 112, 113, 116, 117, 118, 119, 120, 122, 123, 125, 126, 127], "summary": {"covered_lines": 21, "num_statements": 23, "percent_covered": 91.30434782608695, "percent_covered_display": "91", "missing_lines": 2, "excluded_lines": 0, "percent_statements_covered": 91.30434782608695, "percent_statements_covered_display": "91"}, "missing_lines": [97, 103], "excluded_lines": [], "start_line": 65}, "search_by_provider_id": {"executed_lines": [152, 157, 159, 169, 172, 173, 174, 175, 176, 177, 178, 179], "summary": {"covered_lines": 12, "num_statements": 16, "percent_covered": 75.0, "percent_covered_display": "75", "missing_lines": 4, "excluded_lines": 0, "percent_statements_covered": 75.0, "percent_statements_covered_display": "75"}, "missing_lines": [170, 181, 182, 183], "excluded_lines": [], "start_line": 130}, "search_tv_episode": {"executed_lines": [210, 221, 224, 225, 226, 227, 228, 229, 232, 233, 234, 235, 236, 238, 239, 240, 243, 244, 252, 253, 254, 255, 258, 259, 260, 261, 263, 265, 266, 268, 269], "summary": {"covered_lines": 31, "num_statements": 35, "percent_covered": 88.57142857142857, "percent_covered_display": "89", "missing_lines": 4, "excluded_lines": 0, "percent_statements_covered": 88.57142857142857, "percent_statements_covered_display": "89"}, "missing_lines": [222, 271, 272, 273], "excluded_lines": [], "start_line": 186}, "get_all_library_ids": {"executed_lines": [291, 292, 294, 295, 296, 297, 299, 300, 301, 306, 307], "summary": {"covered_lines": 11, "num_statements": 14, "percent_covered": 78.57142857142857, "percent_covered_display": "79", "missing_lines": 3, "excluded_lines": 0, "percent_statements_covered": 78.57142857142857, "percent_statements_covered_display": "79"}, "missing_lines": [309, 310, 311], "excluded_lines": [], "start_line": 276}, "get_library_ids_by_name": {"executed_lines": [331, 333, 334, 335, 336, 337, 338, 342], "summary": {"covered_lines": 8, "num_statements": 9, "percent_covered": 88.88888888888889, "percent_covered_display": "89", "missing_lines": 1, "excluded_lines": 0, "percent_statements_covered": 88.88888888888889, "percent_statements_covered_display": "89"}, "missing_lines": [340], "excluded_lines": [], "start_line": 314}, "_search_provider_id_across_libraries": {"executed_lines": [366, 368, 369], "summary": {"covered_lines": 3, "num_statements": 15, "percent_covered": 20.0, "percent_covered_display": "20", "missing_lines": 12, "excluded_lines": 0, "percent_statements_covered": 20.0, "percent_statements_covered_display": "20"}, "missing_lines": [370, 371, 372, 375, 376, 377, 378, 379, 380, 381, 382, 384], "excluded_lines": [], "start_line": 345}, "search_media": {"executed_lines": [420, 421, 429, 430, 431, 434, 435, 437, 444, 452, 454, 456, 457, 463], "summary": {"covered_lines": 14, "num_statements": 27, "percent_covered": 51.851851851851855, "percent_covered_display": "52", "missing_lines": 13, "excluded_lines": 0, "percent_statements_covered": 51.851851851851855, "percent_statements_covered_display": "52"}, "missing_lines": [422, 423, 424, 425, 438, 441, 442, 445, 448, 449, 459, 460, 465], "excluded_lines": [], "start_line": 387}, "": {"executed_lines": [10, 11, 13, 15, 18, 38, 65, 130, 186, 276, 314, 345, 387], "summary": {"covered_lines": 13, "num_statements": 13, "percent_covered": 100.0, "percent_covered_display": "100", "missing_lines": 0, "excluded_lines": 0, "percent_statements_covered": 100.0, "percent_statements_covered_display": "100"}, "missing_lines": [], "excluded_lines": [], "start_line": 1}}, "classes": {"": {"executed_lines": [10, 11, 13, 15, 18, 28, 30, 32, 34, 35, 38, 49, 50, 52, 53, 55, 56, 59, 60, 62, 65, 89, 96, 102, 105, 106, 108, 109, 110, 111, 112, 113, 116, 117, 118, 119, 120, 122, 123, 125, 126, 127, 130, 152, 157, 159, 169, 172, 173, 174, 175, 176, 177, 178, 179, 186, 210, 221, 224, 225, 226, 227, 228, 229, 232, 233, 234, 235, 236, 238, 239, 240, 243, 244, 252, 253, 254, 255, 258, 259, 260, 261, 263, 265, 266, 268, 269, 276, 291, 292, 294, 295, 296, 297, 299, 300, 301, 306, 307, 314, 331, 333, 334, 335, 336, 337, 338, 342, 345, 366, 368, 369, 387, 420, 421, 429, 430, 431, 434, 435, 437, 444, 452, 454, 456, 457, 463], "summary": {"covered_lines": 127, "num_statements": 166, "percent_covered": 76.50602409638554, "percent_covered_display": "77", "missing_lines": 39, "excluded_lines": 0, "percent_statements_covered": 76.50602409638554, "percent_statements_covered_display": "77"}, "missing_lines": [97, 103, 170, 181, 182, 183, 222, 271, 272, 273, 309, 310, 311, 340, 370, 371, 372, 375, 376, 377, 378, 379, 380, 381, 382, 384, 422, 423, 424, 425, 438, 441, 442, 445, 448, 449, 459, 460, 465], "excluded_lines": [], "start_line": 1}}}, "emby_dedupe/cli/__init__.py": {"executed_lines": [], "summary": {"covered_lines": 0, "num_statements": 0, "percent_covered": 100.0, "percent_covered_display": "100", "missing_lines": 0, "excluded_lines": 0, "percent_statements_covered": 100.0, "percent_statements_covered_display": "100"}, "missing_lines": [], "excluded_lines": [], "functions": {"": {"executed_lines": [], "summary": {"covered_lines": 0, "num_statements": 0, "percent_covered": 100.0, "percent_covered_display": "100", "missing_lines": 0, "excluded_lines": 0, "percent_statements_covered": 100.0, "percent_statements_covered_display": "100"}, "missing_lines": [], "excluded_lines": [], "start_line": 1}}, "classes": {"": {"executed_lines": [], "summary": {"covered_lines": 0, "num_statements": 0, "percent_covered": 100.0, "percent_covered_display": "100", "missing_lines": 0, "excluded_lines": 0, "percent_statements_covered": 100.0, "percent_statements_covered_display": "100"}, "missing_lines": [], "excluded_lines": [], "start_line": 1}}}, "emby_dedupe/cli/arguments.py": {"executed_lines": [5, 6, 7, 8, 10, 13, 19, 26, 27, 30, 31, 34, 39, 49, 54, 59, 64, 69, 76, 87, 91, 92, 93, 96, 116, 125, 128, 136, 137], "summary": {"covered_lines": 29, "num_statements": 36, "percent_covered": 80.55555555555556, "percent_covered_display": "81", "missing_lines": 7, "excluded_lines": 44, "percent_statements_covered": 80.55555555555556, "percent_statements_covered_display": "81"}, "missing_lines": [88, 102, 104, 108, 111, 112, 113], "excluded_lines": [44, 143, 144, 145, 146, 147, 148, 149, 150, 151, 152, 153, 154, 155, 156, 157, 158, 159, 160, 161, 162, 163, 164, 165, 166, 167, 168, 169, 170, 171, 172, 173, 174, 175, 176, 177, 178, 179, 180, 181, 182, 183, 184, 185], "functions": {"add_dedupe_arguments": {"executed_lines": [19, 26, 27, 30, 31, 34, 39, 49, 54, 59, 64, 69], "summary": {"covered_lines": 12, "num_statements": 12, "percent_covered": 100.0, "percent_covered_display": "100", "missing_lines": 0, "excluded_lines": 1, "percent_statements_covered": 100.0, "percent_statements_covered_display": "100"}, "missing_lines": [], "excluded_lines": [44], "start_line": 13}, "parse_args": {"executed_lines": [87, 91, 92, 93], "summary": {"co
[...]
6, 187, 189, 190, 192, 252, 253, 257, 258], "excluded_lines": [], "start_line": 124}, "output_report_to_stdout": {"executed_lines": [275, 276, 279, 280, 281], "summary": {"covered_lines": 5, "num_statements": 5, "percent_covered": 100.0, "percent_covered_display": "100", "missing_lines": 0, "excluded_lines": 0, "percent_statements_covered": 100.0, "percent_statements_covered_display": "100"}, "missing_lines": [], "excluded_lines": [], "start_line": 267}, "": {"executed_lines": [5, 6, 7, 9, 11, 12, 13, 14, 17, 30, 55, 124, 267], "summary": {"covered_lines": 13, "num_statements": 13, "percent_covered": 100.0, "percent_covered_display": "100", "missing_lines": 0, "excluded_lines": 0, "percent_statements_covered": 100.0, "percent_statements_covered_display": "100"}, "missing_lines": [], "excluded_lines": [], "start_line": 1}}, "classes": {"": {"executed_lines": [5, 6, 7, 9, 11, 12, 13, 14, 17, 27, 30, 42, 45, 46, 47, 48, 49, 52, 55, 66, 67, 70, 71, 72, 73, 76, 96, 105, 108, 109, 110, 111, 112, 115, 116, 117, 118, 120, 121, 124, 137, 140, 141, 142, 144, 154, 156, 158, 161, 164, 167, 169, 172, 175, 178, 179, 180, 183, 184, 194, 204, 205, 208, 216, 219, 222, 227, 234, 239, 241, 242, 250, 251, 260, 264, 267, 275, 276, 279, 280, 281], "summary": {"covered_lines": 81, "num_statements": 119, "percent_covered": 68.0672268907563, "percent_covered_display": "68", "missing_lines": 38, "excluded_lines": 0, "percent_statements_covered": 68.0672268907563, "percent_statements_covered_display": "68"}, "missing_lines": [77, 80, 81, 83, 84, 86, 87, 88, 89, 90, 91, 93, 97, 98, 100, 103, 104, 145, 146, 147, 150, 151, 159, 160, 162, 163, 165, 166, 185, 186, 187, 189, 190, 192, 252, 253, 257, 258], "excluded_lines": [], "start_line": 1}}}, "emby_dedupe/utils/__init__.py": {"executed_lines": [], "summary": {"covered_lines": 0, "num_statements": 0, "percent_covered": 100.0, "percent_covered_display": "100", "missing_lines": 0, "excluded_lines": 0, "percent_statements_covered": 100.0, "percent_statements_covered_display": "100"}, "missing_lines": [], "excluded_lines": [], "functions": {"": {"executed_lines": [], "summary": {"covered_lines": 0, "num_statements": 0, "percent_covered": 100.0, "percent_covered_display": "100", "missing_lines": 0, "excluded_lines": 0, "percent_statements_covered": 100.0, "percent_statements_covered_display": "100"}, "missing_lines": [], "excluded_lines": [], "start_line": 1}}, "classes": {"": {"executed_lines": [], "summary": {"covered_lines": 0, "num_statements": 0, "percent_covered": 100.0, "percent_covered_display": "100", "missing_lines": 0, "excluded_lines": 0, "percent_statements_covered": 100.0, "percent_statements_covered_display": "100"}, "missing_lines": [], "excluded_lines": [], "start_line": 1}}}, "emby_dedupe/utils/config.py": {"executed_lines": [10, 11, 12, 14, 17, 18, 19, 24, 25, 26, 29, 35, 38, 44, 45, 48, 54, 55, 58, 64, 65, 66, 68, 69, 70, 82, 91, 92, 93, 106, 124, 125, 128, 129, 133, 134, 135, 137, 138, 139, 141, 144, 147, 168, 169, 170, 171, 172, 173, 174, 176, 177, 186, 188, 198, 199, 210, 213, 214, 215, 216, 217, 218, 219, 221, 222, 223, 224, 225, 226, 227, 230, 234, 236, 242, 244, 245, 246, 247, 249, 251, 257], "summary": {"covered_lines": 82, "num_statements": 104, "percent_covered": 78.84615384615384, "percent_covered_display": "79", "missing_lines": 22, "excluded_lines": 0, "percent_statements_covered": 78.84615384615384, "percent_statements_covered_display": "79"}, "missing_lines": [20, 21, 72, 73, 74, 75, 76, 77, 78, 79, 95, 96, 97, 98, 99, 100, 101, 102, 103, 130, 231, 232], "excluded_lines": [], "functions": {"get_config_path": {"executed_lines": [35], "summary": {"covered_lines": 1, "num_statements": 1, "percent_covered": 100.0, "percent_covered_display": "100", "missing_lines": 0, "excluded_lines": 0, "percent_statements_covered": 100.0, "percent_statements_covered_display": "100"}, "missing_lines": [], "excluded_lines": [], "start_line": 29}, "ensure_config_dir": {"executed_lines": [44, 45], "summary": {"covered_lines": 2, "num_statements": 2, "percent_covered": 100.0, "percent_covered_display": "100", "missing_lines": 0, "excluded_lines": 0, "percent_statements_covered": 100.0, "percent_statements_covered_display": "100"}, "missing_lines": [], "excluded_lines": [], "start_line": 38}, "ensure_cache_dir": {"executed_lines": [54, 55], "summary": {"covered_lines": 2, "num_statements": 2, "percent_covered": 100.0, "percent_covered_display": "100", "missing_lines": 0, "excluded_lines": 0, "percent_statements_covered": 100.0, "percent_statements_covered_display": "100"}, "missing_lines": [], "excluded_lines": [], "start_line": 48}, "load_config": {"executed_lines": [64, 65, 66, 68, 69, 70], "summary": {"covered_lines": 6, "num_statements": 14, "percent_covered": 42.857142857142854, "percent_covered_display": "43", "missing_lines": 8, "excluded_lines": 0, "percent_statements_covered": 42.857142857142854, "percent_statements_covered_display": "43"}, "missing_lines": [72, 73, 74, 75, 76, 77, 78, 79], "excluded_lines": [], "start_line": 58}, "save_config": {"executed_lines": [91, 92, 93], "summary": {"covered_lines": 3, "num_statements": 12, "percent_covered": 25.0, "percent_covered_display": "25", "missing_lines": 9, "excluded_lines": 0, "percent_statements_covered": 25.0, "percent_statements_covered_display": "25"}, "missing_lines": [95, 96, 97, 98, 99, 100, 101, 102, 103], "excluded_lines": [], "start_line": 82}, "get_config_value": {"executed_lines": [124, 125, 128, 129, 133, 134, 135, 137, 138, 139, 141], "summary": {"covered_lines": 11, "num_statements": 12, "percent_covered": 91.66666666666667, "percent_covered_display": "92", "missing_lines": 1, "excluded_lines": 0, "percent_statements_covered": 91.66666666666667, "percent_statements_covered_display": "92"}, "missing_lines": [130], "excluded_lines": [], "start_line": 106}, "Config.__init__": {"executed_lines": [168, 169, 170, 171, 172, 173, 174], "summary": {"covered_lines": 7, "num_statements": 7, "percent_covered": 100.0, "percent_covered_display": "100", "missing_lines": 0, "excluded_lines": 0, "percent_statements_covered": 100.0, "percent_statements_covered_display": "100"}, "missing_lines": [], "excluded_lines": [], "start_line": 147}, "Config.from_config_file": {"executed_lines": [186, 188], "summary": {"covered_lines": 2, "num_statements": 2, "percent_covered": 100.0, "percent_covered_display": "100", "missing_lines": 0, "excluded_lines": 0, "percent_statements_covered": 100.0, "percent_statements_covered_display": "100"}, "missing_lines": [], "excluded_lines": [], "start_line": 177}, "Config.from_cli_args": {"executed_lines": [210, 213, 214, 215, 216, 217, 218, 219, 221, 222, 223, 224, 225, 226, 227, 230, 234], "summary": {"covered_lines": 17, "num_statements": 19, "percent_covered": 89.47368421052632, "percent_covered_display": "89", "missing_lines": 2, "excluded_lines": 0, "percent_statements_covered": 89.47368421052632, "percent_statements_covered_display": "89"}, "missing_lines": [231, 232], "excluded_lines": [], "start_line": 199}, "Config.validate": {"executed_lines": [242, 244, 245, 246, 247, 249], "summary": {"covered_lines": 6, "num_statements": 6, "percent_covered": 100.0, "percent_covered_display": "100", "missing_lines": 0, "excluded_lines": 0, "percent_statements_covered": 100.0, "percent_statements_covered_display": "100"}, "missing_lines": [], "excluded_lines": [], "start_line": 236}, "Config.to_dict": {"executed_lines": [257], "summary": {"covered_lines": 1, "num_statements": 1, "percent_covered": 100.0, "percent_covered_display": "100", "missing_lines": 0, "excluded_lines": 0, "percent_statements_covered": 100.0, "percent_statements_covered_display": "100"}, "missing_lines": [], "excluded_lines": [], "start_line": 251}, "": {"executed_lines": [10, 11, 12, 14, 17, 18, 19, 24, 25, 26, 29, 38, 48, 58, 82, 106, 144, 147, 176, 177, 198, 199, 236, 251], "summary": {"covered_lines": 24, "num_statements": 26, "percent_covered": 92.3076923076923, "percent_covered_display": "92", "missing_lines": 2, "excluded_lines": 0, "percent_statements_covered": 92.3076923076923, "percent_statements_covered_display": "92"}, "missing_lines": [20, 21], "excluded_lines": [], "start_line": 1}}, "classes": {"Config": {"executed_lines": [168, 169, 170, 171, 172, 173, 174, 186, 188, 210, 213, 214, 215, 216, 217, 218, 219, 221, 222, 223, 224, 225, 226, 227, 230, 234, 242, 244, 245, 246, 247, 249, 257], "summary": {"covered_lines": 33, "num_statements": 35, "percent_covered": 94.28571428571429, "percent_covered_display": "94", "missing_lines": 2, "excluded_lines": 0, "percent_statements_covered": 94.28571428571429, "percent_statements_covered_display": "94"}, "missing_lines": [231, 232], "excluded_lines": [], "start_line": 144}, "": {"executed_lines": [10, 11, 12, 14, 17, 18, 19, 24, 25, 26, 29, 35, 38, 44, 45, 48, 54, 55, 58, 64, 65, 66, 68, 69, 70, 82, 91, 92, 93, 106, 124, 125, 128, 129, 133, 134, 135, 137, 138, 139, 141, 144, 147, 176, 177, 198, 199, 236, 251], "summary": {"covered_lines": 49, "num_statements": 69, "percent_covered": 71.01449275362319, "percent_covered_display": "71", "missing_lines": 20, "excluded_lines": 0, "percent_statements_covered": 71.01449275362319, "percent_statements_covered_display": "71"}, "missing_lines": [20, 21, 72, 73, 74, 75, 76, 77, 78, 79, 95, 96, 97, 98, 99, 100, 101, 102, 103, 130], "excluded_lines": [], "start_line": 1}}}, "emby_dedupe/utils/constants.py": {"executed_lines": [5, 8, 9, 10, 11, 12, 13, 16, 17, 18, 19, 20, 21, 22, 24, 25, 26, 27, 28, 31, 32, 33, 36], "summary": {"covered_lines": 23, "num_statements": 23, "percent_covered": 100.0, "percent_covered_display": "100", "missing_lines": 0, "excluded_lines": 1, "percent_statements_covered": 100.0, "percent_statements_covered_display": "100"}, "missing_lines": [], "excluded_lines": [23], "functions": {"": {"executed_lines": [5, 8, 9, 10, 11, 12, 13, 16, 17, 18, 19, 20, 21, 22, 24, 25, 26, 27, 28, 31, 32, 33, 36], "summary": {"covered_lines": 23, "num_statements": 23, "percent_covered": 100.0, "percent_covered_display": "100", "missing_lines": 0, "excluded_lines": 1, "percent_statements_covered": 100.0, "percent_statements_covered_display": "100"}, "missing_lines": [], "excluded_lines": [23], "start_line": 1}}, "classes": {"": {"executed_lines": [5, 8, 9, 10, 11, 12, 13, 16, 17, 18, 19, 20, 21, 22, 24, 25, 26, 27, 28, 31, 32, 33, 36], "summary": {"covered_lines": 23, "num_statements": 23, "percent_covered": 100.0, "percent_covered_display": "100", "missing_lines": 0, "excluded_lines": 1, "percent_statements_covered": 100.0, "percent_statements_covered_display": "100"}, "missing_lines": [], "excluded_lines": [23], "start_line": 1}}}, "emby_dedupe/utils/exceptions.py": {"executed_lines": [6], "summary": {"covered_lines": 1, "num_statements": 1, "percent_covered": 100.0, "percent_covered_display": "100", "missing_lines": 0, "excluded_lines": 1, "percent_statements_covered": 100.0, "percent_statements_covered_display": "100"}, "missing_lines": [], "excluded_lines": [11], "functions": {"": {"executed_lines": [6], "summary": {"covered_lines": 1, "num_statements": 1, "percent_covered": 100.0, "percent_covered_display": "100", "missing_lines": 0, "excluded_lines": 1, "percent_statements_covered": 100.0, "percent_statements_covered_display": "100"}, "missing_lines": [], "excluded_lines": [11], "start_line": 1}}, "classes": {"EmbyServerConnectionError": {"executed_lines": [], "summary": {"covered_lines": 0, "num_statements": 0, "percent_covered": 100.0, "percent_covered_display": "100", "missing_lines": 0, "excluded_lines": 0, "percent_statements_covered": 100.0, "percent_statements_covered_display": "100"}, "missing_lines": [], "excluded_lines": [], "start_line": 6}, "": {"executed_lines": [6], "summary": {"covered_lines": 1, "num_statements": 1, "percent_covered": 100.0, "percent_covered_display": "100", "missing_lines": 0, "excluded_lines": 1, "percent_statements_covered": 100.0, "percent_statements_covered_display": "100"}, "missing_lines": [], "excluded_lines": [11], "start_line": 1}}}, "emby_dedupe/utils/file_ops.py": {"executed_lines": [5, 6, 7, 9, 12, 23, 26, 43, 44, 46, 49, 50, 51, 54, 55, 56, 57, 58, 59, 65, 66, 67, 68, 69, 72, 73, 74, 75, 76, 82, 92, 93, 94, 95, 96, 97, 98, 104], "summary": {"covered_lines": 38, "num_statements": 43, "percent_covered": 88.37209302325581, "percent_covered_display": "88", "missing_lines": 5, "excluded_lines": 0, "percent_statements_covered": 88.37209302325581, "percent_statements_covered_display": "88"}, "missing_lines": [60, 61, 79, 99, 100], "excluded_lines": [], "functions": {"truncate_string": {"executed_lines": [23], "summary": {"covered_lines": 1, "num_statements": 1, "percent_covered": 100.0, "percent_covered_display": "100", "missing_lines": 0, "excluded_lines": 0, "percent_statements_covered": 100.0, "percent_statements_covered_display": "100"}, "missing_lines": [], "excluded_lines": [], "start_line": 12}, "dump_object_to_file": {"executed_lines": [43, 44, 46, 49, 50, 51, 54, 55, 56, 57, 58, 59, 65, 66, 67, 68, 69, 72, 73, 74, 75, 76], "summary": {"covered_lines": 22, "num_statements": 25, "percent_covered": 88.0, "percent_covered_display": "88", "missing_lines": 3, "excluded_lines": 0, "percent_statements_covered": 88.0, "percent_statements_covered_display": "88"}, "missing_lines": [60, 61, 79], "excluded_lines": [], "start_line": 26}, "read_json_file": {"executed_lines": [92, 93, 94, 95, 96, 97, 98, 104], "summary": {"covered_lines": 8, "num_statements": 10, "percent_covered": 80.0, "percent_covered_display": "80", "missing_lines": 2, "excluded_lines": 0, "percent_statements_covered": 80.0, "percent_statements_covered_display": "80"}, "missing_lines": [99, 100], "excluded_lines": [], "start_line": 82}, "": {"executed_lines": [5, 6, 7, 9, 12, 26, 82], "summary": {"covered_lines": 7, "num_statements": 7, "percent_covered": 100.0, "percent_covered_display": "100", "missing_lines": 0, "excluded_lines": 0, "percent_statements_covered": 100.0, "percent_statements_covered_display": "100"}, "missing_lines": [], "excluded_lines": [], "start_line": 1}}, "classes": {"": {"executed_lines": [5, 6, 7, 9, 12, 23, 26, 43, 44, 46, 49, 50, 51, 54, 55, 56, 57, 58, 59, 65, 66, 67, 68, 69, 72, 73, 74, 75, 76, 82, 92, 93, 94, 95, 96, 97, 98, 104], "summary": {"covered_lines": 38, "num_statements": 43, "percent_covered": 88.37209302325581, "percent_covered_display": "88", "missing_lines": 5, "excluded_lines": 0, "percent_statements_covered": 88.37209302325581, "percent_statements_covered_display": "88"}, "missing_lines": [60, 61, 79, 99, 100], "excluded_lines": [], "start_line": 1}}}, "emby_dedupe/utils/http.py": {"executed_lines": [5, 7, 8, 9, 11, 12, 15, 25, 28, 31, 38, 41, 49, 70, 71, 74, 75, 76, 77, 78, 79], "summary": {"covered_lines": 21, "num_statements": 21, "percent_covered": 100.0, "percent_covered_display": "100", "missing_lines": 0, "excluded_lines": 1, "percent_statements_covered": 100.0, "percent_statements_covered_display": "100"}, "missing_lines": [], "excluded_lines": [52], "functions": {"should_give_up": {"executed_lines": [25, 28], "summary": {"covered_lines": 2, "num_statements": 2, "percent_covered": 100.0, "percent_covered_display": "100", "missing_lines": 0, "excluded_lines": 0, "percent_statements_covered": 100.0, "percent_statements_covered_display": "100"}, "missing_lines": [], "excluded_lines": [], "start_line": 15}, "handle_giveup": {"executed_lines": [38], "summary": {"covered_lines": 1, "num_statements": 1, "percent_covered": 100.0, "percent_covered_display": "100", "missing_lines": 0, "excluded_lines": 0, "percent_statements_covered": 100.0, "percent_statements_covered_display": "100"}, "missing_lines": [], "excluded_lines": [], "start_line": 31}, "make_http_request": {"executed_lines": [70, 71, 74, 75, 76, 77, 78, 79], "summary": {"covered_lines": 8, "num_statements": 8, "percent_covered": 100.0, "percent_covered_display": "100", "missing_lines": 0, "excluded_lines": 1, "percent_statements_covered": 100.0, "percent_statements_covered_display": "100"}, "missing_lines": [], "excluded_lines": [52], "start_line": 49}, "": {"executed_lines": [5, 7, 8, 9, 11, 12, 15, 31, 41, 49], "summary": {"covered_lines": 10, "num_statements": 10, "percent_covered": 100.0, "percent_covered_display": "100", "missing_lines": 0, "excluded_lines": 0, "percent_statements_covered": 100.0, "percent_statements_covered_display": "100"}, "missing_lines": [], "excluded_lines": [], "start_line": 1}}, "classes": {"": {"executed_lines": [5, 7, 8, 9, 11, 12, 15, 25, 28, 31, 38, 41, 49, 70, 71, 74, 75, 76, 77, 78, 79], "summary": {"covered_lines": 21, "num_statements": 21, "percent_covered": 100.0, "percent_covered_display": "100", "missing_lines": 0, "excluded_lines": 1, "percent_statements_covered": 100.0, "percent_statements_covered_display": "100"}, "missing_lines": [], "excluded_lines": [52], "start_line": 1}}}, "emby_dedupe/utils/logging.py": {"executed_lines": [5, 6, 7, 8, 10, 13, 14, 17, 22, 23, 40, 51, 52, 54, 56, 57, 60, 69, 70, 71, 72, 73, 76, 79, 80, 83, 84, 87, 88, 89, 92, 93, 95], "summary": {"covered_lines": 33, "num_statements": 33, "percent_covered": 100.0, "percent_covered_display": "100", "missing_lines": 0, "excluded_lines": 2, "percent_statements_covered": 100.0, "percent_statements_covered_display": "100"}, "missing_lines": [], "excluded_lines": [18, 25], "functions": {"SensitiveDataFilter.__init__": {"executed_lines": [23], "summary": {"covered_lines": 1, "num_statements": 1, "percent_covered": 100.0, "percent_covered_display": "100", "missing_lines": 0, "excluded_lines": 1, "percent_statements_covered": 100.0, "percent_statements_covered_display": "100"}, "missing_lines": [], "excluded_lines": [25], "start_line": 22}, "SensitiveDataFilter.filter": {"executed_lines": [51, 52, 54, 56, 57], "summary": {"covered_lines": 5, "num_statements": 5, "percent_covered": 100.0, "percent_covered_display": "100", "missing_lines": 0, "excluded_lines": 0, "percent_statements_covered": 100.0, "percent_statements_covered_display": "100"}, "missing_lines": [], "excluded_lines": [], "start_line": 40}, "set_logging_level": {"executed_lines": [69, 70, 71, 72, 73, 76, 79, 80, 83, 84, 87, 88, 89, 92, 93, 95], "summary": {"covered_lines": 16, "num_statements": 16, "percent_covered": 100.0, "percent_covered_display": "100", "missing_lines": 0, "excluded_lines": 0, "percent_statements_covered": 100.0, "percent_statements_covered_display": "100"}, "missing_lines": [], "excluded_lines": [], "start_line": 60}, "": {"executed_lines": [5, 6, 7, 8, 10, 13, 14, 17, 22, 40, 60], "summary": {"covered_lines": 11, "num_statements": 11, "percent_covered": 100.0, "percent_covered_display": "100", "missing_lines": 0, "excluded_lines": 1, "percent_statements_covered": 100.0, "percent_statements_covered_display": "100"}, "missing_lines": [], "excluded_lines": [18], "start_line": 1}}, "classes": {"SensitiveDataFilter": {"executed_lines": [23, 51, 52, 54, 56, 57], "summary": {"covered_lines": 6, "num_statements": 6, "percent_covered": 100.0, "percent_covered_display": "100", "missing_lines": 0, "excluded_lines": 1, "percent_statements_covered": 100.0, "percent_statements_covered_display": "100"}, "missing_lines": [], "excluded_lines": [25], "start_line": 17}, "": {"executed_lines": [5, 6, 7, 8, 10, 13, 14, 17, 22, 40, 60, 69, 70, 71, 72, 73, 76, 79, 80, 83, 84, 87, 88, 89, 92, 93, 95], "summary": {"covered_lines": 27, "num_statements": 27, "percent_covered": 100.0, "percent_covered_display": "100", "missing_lines": 0, "excluded_lines": 1, "percent_statements_covered": 100.0, "percent_statements_covered_display": "100"}, "missing_lines": [], "excluded_lines": [18], "start_line": 1}}}}, "totals": {"covered_lines": 1667, "num_statements": 2998, "percent_covered": 55.60373582388259, "percent_covered_display": "56", "missing_lines": 1331, "excluded_lines": 522, "percent_statements_covered": 55.60373582388259, "percent_statements_covered_display": "56"}}